znlsSnpV95s
PjFWE2F8tBE
3eF0whKP6EY
7rT8tqLyFa0
ksb2gERetzs
ONjKdNuHd1E
P2hrv6QzDPI
NJF7u5W9SSo
siKl-1EFFaQ
sjyZWmvTGA4
wbXUEc4sBAo
ONNaVbNve4w
_z3MXy3Wc-k
AaMvwQHSZIk
lXueRLwe3tk
gN26L2WZ3ZE
nMK_jVy5ZuI
4mSPGxeKK2k
gwGNQC2fRu0
woRQ2JxcVHA
9PRK4oy1hhY
-l5e1zVzQOQ
Qos-Lzt5U6M
sJUUm0n4cXA
yKd9CE_Xb9g
SlgBcsCTy58
bnMvfhBTu_k
gaILpaBa7M8
gJSrG__nEz4
NXJ7eNOq3nY
xKdZWWocPQE
dkEcJgc-jm4
iW_EPFgH2t4
oC575nmAaiE
4q-ju6Aeoro
QpwP3duEoSY
kGaNbxsZDnM
ZSB6-6YIiH0
ymOrhkRhpJ4
REXGcqeLwME
9W_rDQ9m6YY
Ma1e6LhtPFk
c4yKrr9B8kw
J4JqWEZmUco
q0f-9tkN1fw
muLv3eRdhOM
oDi8oy5m4DI
gGB46mcnFrA
kDNCt5nIhJo
XOvLHLtOISE
fqiYdMP_5JM
grJfS6w842Q
x2D6LR8nCbM
n-OYwiOZbV0
vEn2u3dlz0I
tqxbR2ahk_A
m58TCDaCOV4
MkMJPnS-TY4
okA5dpIUrhQ
fvv-G-v4bng
O35fNjOf-bY
ezRWU2btjZQ
N7cn3wnpTBY
s_FTAigX2Ak
U5wfXfTG3EE
ZM2h4pbrAWA
ug-0ROlsWIY
lMasdvsnHac
xV_ew--Du44
20L-Ktj1NsE
fokEM5i49WU
oBBL9MkBYuk
tTiNRXdHilA
fdlmNh9SyHI
ytAeHfRdfjE
aIfSgrlpS2M
whGNtOFgskk
Y2FR5PbiVp4
ZYyPmTSHe4k
ySJG7TAvhAU
y1MzFwOmbOA
YRwaGdFBIAU
ofAJkVaDuvU
haAit9gFQE8
wgBXChXdtrY
mHxd_lbIzaA
tWXXMj05l6M
d7tPxYHZ324
X43N6_VaXYQ
R_kgJQD6mCQ
wYx_QxIpG4I
n87liO4Vfxg
Pja-g-nmxKM
sOsHkJzFCCI
XfH0EEMF7N4
cX3LV6wKVd8
HFadgcWqmbg
Yr_IYW__kMw
MlveTBb5ki8
PXdhB2zfPGc
fFQ_M3LMJho
je0a0coabWg
mnuvv5oN5qA
QDX41MRPpLQ
b3GFrZuO0DY
pBbkKlngNN4
QB2dLJkf1ls
5eF48tjVbPs
p4tmadZlJvk
qrqVFqHAfSU
j6LfDxKQA5k
e9HdLC2odLY
yVuUy6vlB1g
j1V2ipGfgKg
gl4ChXuMw-c
b_1fVq8JR5I
Q6u8FbQojss
xaQ5a3qcYXc
kibKuvBW2Zw
vskXKUErN-A
V72HNOuHm7k
cTqXYp28DDc
bQrP51zKg90
FhKYj7rn1_Y
tW7ptslqeyk
wfexHmLt7Zs
kgPPe9LUeqM
yXrd1Ge4JJ4
pfAP3eEXNb4
NKwhi5hsDH0
DPyDdLSD_Vc
fwN7eZLNglY
ZUc8KaJKdYs
X_v8M5avs3E
cxK69djsveQ
VhWVhZeMPMk
IProx0af1iY
mIzJLdGhluA
jTY1skFotgY
hBxJIDg0dX4
BXlSBwT87UI
hiHYeOKnKz4
p6Sxd0JyxpE
m7oP9prv3DA
v7kNtVj7ONI
g1nBUHWht_E
ek1thACpXTE
_4ih0ciKQIk
c7YD_nY3ABs
TSVBc6eet1o
NNlZfDEI6qU
wfUPkiy7jWY
xLMLw0rFSkk
odEXIOQJHaE
T6VcGFF1MVU
kDDwhN5SjjI
54fQKOhfeks
mfJLMUeYy4w
Y6RvgpU0mbE
T3YFrFdHFUc
qipe3CrJLB0
U5UpHE0tc3U
VVrVYsMjF-Y
adfe-VJ0Hwo
z6wXz3AJ93M
IKT9OGQL4kI
I5tWinWN3H0
X7pTb1dj3q8
itVIZ1VtRU8
QxP2h0QUZVQ
ZZidjRsvAbs
sDu9K163fj0
OGwN7uJKE1g
V9RIm0n9NnU
wimMnbUQIig
ceZ0R7qFbl8
pBdkRxiFOrQ
Wry7YvpUbA0
wHW4YetEtHE
hy8pJP-SnSU
nmzj5Jh_x00
oC8jsHNytu8
ksnyD282qvc
yAsZfIZl-nU
_CQAsNh9xzY
UP7e8Z-UCEY
M_hffoIjEmA
mwnKmOaUd58
x571cu0qnwU
l0qsGLtwl-4
UNk3_w7f1t4
p3-vvjnDmpI
jBRqCE6RxEY
shzNoErgJ7I
sYNOEElWUd0
U2_NHaQH-D0
PdrVXw9KSnI
op4PNqrEh_M
1wUbkhbWjEQ
p5QQFTDpnRo
tZn36lmsoOo
PlKtaDVlgS0
nJsisc6xd1s
kuzeLgsfZZI
ynueiokPNIo
zthvoOs1t80
n-i1TX3GpDg
zzy_artj1B8
_RauwixsjAE
qzvOMFLcOAQ
eodPvxXgw_I
-RZu0saT-50
wz1MlRwd07U
sV2YfTP_w94
hNkvKfQ8d3o
k8BGW9Pi5_Q
0KAYiXmP3M4
mJf3eZXPkpQ
iRi3REi-myY
eCw6npUYJro
_3Q0o9SwNcQ
twsGfOZ-g7o
XhlkrHR6bls
_mX22DGMTS4
sj8XF0XBfp0
nvXt_hmPJJM
VuIb2DgPa0I
mL9jXM8bdn8
M8J_eByXCvg
l8a91rRM_l0
jh2A16deNSc
QXxSql5drj8
8qXOb2w0AyI
X_NBuFGIWYU
fQu6H3fKGy4
vAV5LqzjmkE
y6-OOlxr0M4
O6O_bcN6cuE
qb8D4RTXEdE
k793y_ng1Yg
dJhlBHlJmJw
q-IC7_DBLew
eH3nkFPLvsg
YMX3um2jZ2U
lxol1Wego-c
f-MoCjVPtfY
jN7dA4z_o5M
b7uFpTomLtk
RRxN3yR2s6U
ThrtCFVufHk
lS_CvSSfQJs
kZtU4dwS20Q
swt12HLAZUE
Wc3CYfcGbq4
dyujR6-0GVc
Xlyb1ytQ_nc
UmOxr9RoGio
r54XSoTs_5s
S8jfbTkk3Qs
jWCjSvO-F1Q
x-FWp5G7Dk8
VDwVaohY-Vc
YbihtHXTSYs
i5Fz_0e_cZE
m8rUrcXOci8
g10ai_uExmw
uC0Wv8OPYMQ
w9SyV5fJWlQ
uPk43qvZIOs
jBMZjkQy_z4
mbUD0dUpg6w
vkJUSp6uJXk
R8cgiQu01wA
XHKn7MkHtBM
ZJohmpa0NRE
wNGp5h6k1E8
VuEYBEnqXww
kYYz_X8BIpM
nhjrT8wSTfM
sYSvPqvkxpM
aL6T99oyp-4
0yEnrFOwAi0
PSo97BB-X68
diEZGlDctbw
wPatVtbjvyA
aGcppS7ZzD8
X2k2esATfGo
_XeYCEsmKR0
uFuEgfo9haY
wu69xx4c1nw
izaIDuZkz1k
c0C9aipLwKg
iIA8udTIFy8
yr8lrRmS9KM
N5BBoUCjou0
yztOW3n5Qjc
VYBNXg0Tm2I
pDPT039wD0U
ozNUCUSVNrE
iYsoUUUDSbs
dN94Iqpeojc
c6Ds6sDJ0rk
tyuyK14g5W0
vI1IRg3JE2Q
blpGwklmups
vnzp7e79jds
1UrJU4HpVTA
dKrctb2K1tQ
Sj9Pfuy9nxI
pU1uqE1Yk4w
QtOU9gAVOw0
aUDbGJxk9EI
kk0os4noJyQ
gBBYfSD2-FU
onXdv7f2mA0
EVKsIiDRW1c
OfyUFWQZfX0
fnEviXfM9NM
xihfl6EsPfw
OMUaCur8CFg
ib5ZWhbPxvQ
MhOD7vSajEs
kB_r_HDtfS8
ohF63wmR_vo
v5bE6V-Nh_M
xo6S5n4TfuM
ygHXINch7EI
vXQy20Phc60
rdEVCoBiMBY
j0ocozwbLs4
vbVgisYlr7U
rgToeusUkqU
xFUXuORToWk
mclG51PzNQA
ktr3mE0r8Hk
VbRJKYEIIOM
vae1P1XFDQU
hGT9gKoSkrA
mfQyGDnW9p4
szqY4NZo9o0
OqxM4sBqk_I
uJmNHneDwpw
ecxXW9uqcBk
rYNH4NoQ_hk
mgvXwFkMxPM
qesgJ1L4qZM
dQT0vQAmBZg
YMEuC-pP_Ew
GEj8CnoF2cA
jkGj6Z2rOpk
jeJXvmJO8pY
XAi_NA5z-xM
Pm7BNc7MlBs
Pciy1JnN1Eo
tclNXDuRKnQ
aQwnHLo6BR0
cSHPvkEDUEo
r3J0rKKty7s
xCZC5EmFZS4
99TjTqqeEnE
U6StV5PQY_w
t9DHmX5QGQM
QfOdVBzzX2I
jcdENdkfxYo
q55LxO33Rt4
xFa2LMsmFnQ
bN5EPPUwwIg
rH7UycFJkXo
iOEC_sOwVKw
Najqc5d7aJE
Uupl__plPHo
ckKANPXvZT0
fkzPnR-Xi3U
xErcrT9f3iA
gIrieuk9tEk
X89tEz-ctko
vShGIHhVXUQ
AAgfshyOKQ4
5wpekkkaP-Q
jVZfWfy0Rqs
j9baT8EgP9M
nlt7qCdSrws
poezv8WKYjY
ud8jOg0zzcI
qWCgqIHmciQ
x8TJWIvh1e0
dL7WIj45gSc
x3lJGJr71PQ
Y8BCvE5Ai1o
mFNrIxbp1Cs
pAWaRc9iQWY
FDaB15L5XfI
rKfzMQtRHlU
mpXBgl5rhgo
xOAJVsZuN5g
wncIjxtN_Ek
_y59q1MC4T4
RxEHIrj83jM
rGW8pKFOD-M
xUb3FLbM10E
PgF05QyJJwI
i-cq1NIkpKI
ncpa1ItMqCA
hA9ylDfDDtk
e9WpiCjKnLk
nnCqJ26VPcE
p3_QC6slbgY
ZoGWkyb3KBk
rl39mX0EGpY
ik0AspZKL1g
Xul-C_vmQLA
qgrvC_dkgHY
RPOku5Zevlk
fVnKsNUcXc0
t1FCEf4SVmw
LExpulrA44I
NgSn8-_0rko
Np1DkRF0zv8
jSOG-Nn8dtU
O8Cs2RhR4PI
kp2xqm0-FFk
frZUwKQiAgs
NYePibrQIMs
eEc_FS4lv54
X3XomZnEGcU
zLbtiHvu_hI
OAINFSRAsf4
T7dlywvU_FY
vrj5t0CIKV4
zc30ogxA32Y
hh9mt_qvaeI
Qh3XdHqk708
Uxg2AN7xSqo
ZVWdlkaSNXU
_S9-Nww4YSM
Oyns-QRAl5c
Ubg8Wv1Embw
mIERIjH__uc
k7wDDcRLo_s
gfh64l_vHjI
rzb5wOY-Prg
ka0CM4ucwt4
awQhG1SmtCU
p0X0_ifWiRg
b_qlMS34RPk
lFkloMdN8S4
86WOZwO6y9M
yf2oW8idiy0
wN4mrhXQCPY
T5IMjJetY20
3M1x_UO479s
z2lGRK-apKE
ZQMkNgodIL8
e8GGcSBXIA4
grv3usPeFEA
ne62kDrYCz8
vuUamOCJXps
NAcuFPbn458
e8er9_O8wlk
P92GqSFe3aA
qL8kd0wQDzY
MqcJwjezxGk
njNqUpkumek
usoSo6VcoNQ
5bGn8Dt3kTY
tjKGZZ2ODqQ
ngJhA4iUQQY
xLUpvRZ2bhs
vCSXbVPLePw
nfMwCY1ZP3M
gAjKO1Dutok
rDxcDlccMe0
U7b4jSjtdFQ
sn4FiViuBm8
icx61_WvImc
bBtHOxargps
c63afKjPz2A
xtRXDCTfNI8
_JHe-S6pyL8
oKLdfX5eXFY
di_M237ViMw
fDzun9daO4E
TshxqyKkZ1g
yNXMteDiIXQ
PSrzEjYgFj4
v2WxDHGi9TY
t5u0TG52itM
OEOnBcoioUo
3Q9WmmVEYQ8
w_Ywk9LYAO0
VYGgd083QNs
gQIWqdtSeMM
PrZEuFU9bks
Ntv7xMwUetA
XdgZ64mEAL4
ua1tzaeTkSQ
yry2L6s4h3c
bOYf3E4X7DE
qNaaDa1wg5g
xUy5YnZZj5o
lgPHoN3NmL4
guRV4ScI48k
PCq0oD61p20
Z_mcaK4bNm4
nc1cGc4czqI
m7XShEU23Jo
bbX9_KlT57g
hgnzdvfcuBI
cMYLkTxaeRc
sMgfbxoLGTg
xkYR7GgR4Wo
aP9qEJ4EYp8
PyW5XH07IWc
N1j_M8xYsU8
bFwDNfRRrxE
ZzLO2uLzrRU
wz-4ON6aWVc
xvpD7pYrOOE
uazyN899riw
QlilQe5PIGw
HhaI8456h0Q
dejWupSs9Sc
cOpD7ksGxNg
ukM37YfkHBY
mFmT37G2fxM
uVY_dadQpvE
j9nYcbI4OOw
iLlyOksP8nw
rhw0T4qBK2A
ZEcD92ttlK8
Tn2M9ABgz1A
tHroSe1DYY8
abfU5_l40HA
YCS_DMyBiMM
ftH-X0C0j08
f3FcP6Nq0vc
rB9ePIbRYg8
WvZnxq_MxCA
pySncQCYmpg
zkaIsvbNSMk
4vrtYw-EfQI
n62bPEezw_o
fPwB3caOe-c
N_m9PVaPZzM
_FlCfpmr_HQ
WIXU_OPH6GY
QVUDdgnHeiE
no5yJppNAjs
_r4gXyHi9vg
ViLkSF3_6cw
oYKabYc-9-g
WtSwFKNaXkA
s-U-0nzx-eE
lGcGBKmSkxs
wm-Uel_uPSI
bFxObPan8Gk
K6xBBhTU9M4
Q_4ClEqcIp4
mhmImPHePTU
kaIMeXVS0sU
QVkAOjfwJQc
oedUWKmezbI
R_k6FUalEPo
f9HTQLUaFHs
OPm4TKRDTVE
YwVbtgaALiQ
pCpWi0xMMU0
QTn3T4bhlNw
dYIjaCP2VMI
Pavd7mriWj4
xFEzAyYQvAo
ugyLrYBxh_0
w09AjiAkSMY
d92hH3p1oqg
vaJaKzzhRko
WmR8OYlpT-Q
fwiK3A6GXT0
ZnvODasXvns
ebyiP1jIDMk
zv4EGregFKw
pPQ6LsveKVk
PHzFdeXmu2g
adwQaj0Qx04
aHyf5Xjb8Co
RyBrWW0EC8k
WgV6VLs85VU
_tcNOHk2VSk
wZ2zeX9IeUA
gnX1Z3VmbcQ
v4mDrDwzY84
hfnillu2fDA
OR3zLx0QVvI
Nt4DTT031cU
Q__GWpg9d9E
cnxrMZ8OjCo
wtCKFeKxkzs
ZjgelBCDviw
lFRY7Uui8jo
eTtmedRMQ44
MrFLQIJj5nQ
RPLYy1Xbwt4
oARBhuthFYY
phSRihyIXGo
q7wzq6ySd4I
cw-1FbEcIYg
QJ7mZOwuQaI
pKq8YrnJ40c
yhDzuE-9pz0
zajLgLVVMyE
PGFQMp8Wiwc
UqaphoMSzDU
fed9tt_wHI8
SBzApjuh0FQ
f2Xs7IgXzdA
WyltDWxfsCQ
Ta7Qe-C5_5w
wLCwB8OgdA4
Y47d2cg8tpI
OXVqpDrfJyM
vBGs72rkUmg
lmWTkAVmvZI
TBqlhXM__0Q
jRfcRa617Rw
x_sJBIJlwCI
QzdlATrGAWc
kIYLqtfosE0
vKWSat4XFig
pWS9EMDGuI0
xP1329Kry3o
wJX7U0mEuzY
mDuLejdFNkk
p0GpQms1azU
ivTYEGtak4I
Z0l4v1ELizc
FvBJ0U2nK6E
fjJkGmii_-I
jUxTBMKnObg
OYWI_2u8pP0
ha_YXOb0hDg
xx1Vilknn54
ghfHlUX6sNo
uwDSqjIXFbM
lfP5P6u9eKM
j59ykZWNKR4
zq_2Jx57LcA
r108sSj4Rks
UTL40RVSYLI
P5fjisOFyWc
aePzHRCDhXY
ZtaeC8_-ZUA
sdWGK2bnr24
p1bTLGINMzg
dfVfte0VcGk
LKIB3etEtfk
RSLioX0Zvu8
vPfH3bWc8qg
mkoSd5SQ2RI
bSm8UzyJqLg
z1ddxZ3EXR4
R9GChN8bdzI
NRAdmJ-TnLY
y1sU0zpnvGc
yNsT42tx-vs
plBPGUmoMSE
vUlaiYqnRN8
pNX9dUx7bHM
r-hLHjvl_qA
ivUSohKOnRc
mzfOczM112s
tJcUSI1SL-4
rLYmIUWkakk
yHdqJ7EQWL4
W55prpnwoAs
pyxWKIb-eqc
Pu2Ueq5qUds
WKxzIsxsWLs
s3XlT36YwmQ
ikUw6hZbJmQ
aUWjk-m-ag0
YJC1ob1-oec
RpC5hPefuGw
i_JaDdpPCLA
tuKce7h6o1M
YjSU5rXcO-A
fdmFYcqpP8w
y8eFVYvoBMw
SbXKvnQKRWk
Ne5PL0XkVCU
SIUh2vVIOT0
t72hB4KXgyo
TM-D6gXZa9A
kRxGYfh3SXI
ZNio9LlBI1c
nx4Arb56CYI
kuRcNTQiri0
PCzacIM8zN8
QE74HHqgo1A
mlWBqyjqKls
sn6wZLkyAjQ
xnj83ryRfkE
StkfLjvSFqU
evK8I-0X5_g
Pdgm8yZBPos
h_OFSjtxDGo
PwPN7eC0bJ4
UDcLYiVKgDc
XXoK7sTtAE8
RtKma4BRqJk
QuzUuhSDKC4
dcMnJEYocHg
ckr1Ubf2iVk
qWqX5wvcKkk
sJFUI39j-fI
fhCe01iz5jg
1KIRwbPvENA
nVlXwFa-AYc
bp4KGWY8ScU
kEsUICidzXE
xBHndzT4WlE
U00LIRQi0Bg
OEYD559bAjU
mSEkX5KM2NE
YkkncUXw4Wk
Qgorl428Po0
hXggOVufWOY
_IUvMQx9DQ0
UsxWUNwaYCY
albiJW_y7J0
J_3sTPusf04
z8A_MB_C62I
gloErZye3qE
cKf5TM2P3eI
zTv_ycksweE
o-meT3qNNxs
fUeAMGwaTPQ
kwy8iENUa_M
tI0PzazUhhM
iI2qrrPTwrk
pVryHGDxh5M
rr4AG8fdrA0
O66SdGY7618
Mh0rFKeqjac
zChG8vZwoXg
mlurTbt2-LQ
Pyulb-DMuZQ
nCyntwMgoQ8
ZyDXFoQrKlA
XagA-cmgCcU
uBKLzyE_1H0
PRhe2NLiLLU
g1hd_Ck_9fY
oUnMHFWYC1M
QH7gLFNkt5s
Yht6Qkg8VwI
OZrLbSO88gk
XjwcV1eprCI
SixzjwZ9O3g
ZQfxddMTYQo
e28VIH-x2eo
hSbLWS5ArDE
USizVdSYQos
tJb-hPEn5nc
UOyCLvCZGtc
izhGT0ci8Aw
wu0Bf6rykPQ
rN4Wz8OpFfc
Xdprh8H6g7w
hTs7HemdK48
lgkT4mVTZYw
Fgm6PDWKtsA
_2ufWFJMCCs
dAE-JV_l5FQ
rZ5qXYYvLWg
tuFIt3oHhkA
bJ3V2TbPRwE
bU4GB3DxcBU
WGFcos7d9IQ
SvCfQPlLbAw
sfmtbiguxN0
hHRejZ2Ceqg
dI69LeOlB_A
cYz5m4CSqs4
PfFQxwnsa0s
ylssJD8hcbM
i5DNPgtak-U
grQuXmJfRxE
bzsClvT2WKw
qlr-5A2zZKI
B8irAsU0UZ4
xBr2dadD5gc
-A0SHa-CJPk
zpyfpdlg964
_BjXCvp4Rxg
UL2jVVGYTZo
q1c9Mfv4ATY
__Ul0w0FTXY
cesRP7rVPJ8
qL1BLxpsd-s
tbSWzLwOB_I
hDdeKkTuZ1s
i3uuqgITusI
k4qmN3yEF7o
UwzpH2ei_YE
Prfx3-s1na4
UiQQTpu3ESU
yGodAyplze0
nWNORPBpQYw
i9t3d9FSbCI
LtifBJBO6Xc
t7CaUoSAN58
w9w06M5mk_I
R8CSmbQPwu8
aHQGinEZuX4
x-tSlVP-GP8
XiQhgkIsu1Y
B7xU-ItZAt0
xVPMEQBTdZ4
ttA1xtiU608
xFHfnHhif0w
r67Cp35QsFY
WKpUd4j6XTU
e43iohegm_w
cEVQ2MLKFHI
RUZ1VX7TISw
bbFt8dZ1RVA
bR1uFoLr6o8
kR_IHc4hMX6ThEyQD4s
opnhb0BMD5U
rbGSXP4HyXg
XFFYSAvMveM
yZ9E01OdJnQ
TEP9i9-g9lM
yg9N0s6oWDg
dSDjY3m9aAA
qq6kkqJJumg
I7b30eWre90
O-huJs8nZv4
_WNlrkXYvaM
PRTqlA2u-sU
PaXCmC_vV6o
v_1Er0KQkV8
ijzQHaFPVOI
Z1l5RX5aLJM
SnGXbMR4R14
lkzikv3B7G4
lE6IW07BP44
j0xL30w9gYw
U4ag4ogk6BY
s8RG-NdYtUU
rvJ4Pt-Cflk
QqF-ahqbQPs
x4UyaNoQJU4
gKOQSHvFcRw
WKfJprHYBwk
N-EATJoYnuU
kxxDB0nt1tA
qeWNVApa5yM
_eUe7_qDAb8
_r8Fk1xpASE
UHPjan6pNxA
TKaj2X_Cp-Q
xT7Q7-Mf7Y8
Q-ziiCZ9HZs
t9-nS4sJqFM
xhsmW1T2S1o
XA1uXEBX2cA
X2lR3M0b464
QeeLq2V6XjI
XDSGOIGEkPo
x4x8D9aLiZI
zNcIGecVCY0
UUZMUVSt_-w
YKOe5922_Ec
h2TdkkHs9rc
Z5WTbnfc4ck
w_gNUMoKEko
s_uw6QQBQzI
uAspX9AyBIk
WOLZ8D6K4FQ
_SDKkJQlOPg
ZpfYfDuA1nY
o9rNffMweEo
msIPAoGm4E4
YPNckbtBVSQ
tGRGrkAv9ug
rnUqMd715ew
TDNvqjXjqtA
sstvlQ8Q59s
v_fGOnZnr1Q
yv5JgxNkbdU
VO3VzQ7pZzo
X3_Pgyh2gWU
rDNUY6TuO0w
zibvjEjOAd0
-9pF9G-Kc8c
gBLx8Y-HwPw
N0J8u1dqsaw
dD6uGhEUbS4
dMbbCgJeXKk
MhVBDNIWiiI
sZ9HZxcw8kA
dKPUO22fNNo
PvMxaFThQrs
Oy9iTjTWtjY
vpbWe8V0J10
syalmbZQwhA
o9495xLUWu4
ujqkJon0OpI
eOairk6uoAE
OeHIxD7itLk
m0GaSofvgoQ
vYBWb20jYnA
nPSfxR18Ga0
QZBtLasZT4g
r_z77pBInw4
wVOOLE-blLw
_Zv1waANeW4
N-YjMrEq9r0
sZdoTZs8h8s
X1f90CLwoFI
z41AiZ62SCk
xb7H_wWMQoA
ZmcfhldxqJI
ccROgyJAOFg
tvTEoGz5Lj8
hyAkkP5fiso
7PZSiAYMAok
mQwJXOXgICI
Z1AkqUNl1Qo
T9a4d2fQ77A
sfT2hGteW6g
xN64oNulISE
wArjlGu3R8E
f6CydN8pwCo
a9E1wa3zs5A
HTVVhYZb7iQ
fu61Ow3HsNM
YrG4wA0N7-U
NNDuOa0OMck
ZCz02PuLZCs
vJCmsQXTuB4
p2PbWeu1sY4
bne08WRXqh0
Qb2PMwkl2xQ
naS_k6dIctw
ZqLF4TJmc3o
JBjtXi1IGNs
ZSI_WB0C-z8
OCrCOCunqhk
lRSvcz85QQ8
aa-EUGohDKw
WRjO2aJ8D-c
p_uYoIzlHd0
Qo_HQpZSZIY
d9ahX-WH7uo
ltwzlihH4-o
pH34SCJO-u8
TWWHDjnz_hM
iEbEMTM5LM0
ueWCPd4f7n4
Oaxf3VC1nAM
utjE3TT9x_s
zSGfu85Dzwg
SDQomC0mUiI
W68pZeL8QVM
tRljWFkIUOw
jf1V8NYnZ_Y
noZ0XCtaU08
PIu1boxFSRQ
vrxWQ2jlPL4
YigLesBBxNE
Wjfya6zb6DI
ZUqytTo1o5E
MZ8ekJAjjgg
p2s9azoGjxY
QzHQRJNB4h0
iWsLwFN6RB8
UeBF4crY3Uo
ZleYDZUqCk4
w05wL1pqDOc
oWMhcKAJyRM
O4C3bq9_yMQ
S7wt87m4tuw
4FKde17nDBE
nk-_czJLxv4
h3irKYW3UIo
RQ1nAo68DsI
mK_qdsF7A1o
v_Zz6UFZ-QA
azbrUOXDkXk
ok8gb7sgYW4
fP6Ur-jdftc
bg3fLzipN-8
yCfcCh906-w
PCJ61ygnATQ
qu3hiR6YChU
kFurTO2cowE
kNbPu1bhSUI
XwYUxjGfe3A
i3TlDj2Hh5Q
zOSKSIFpngU
ixMka_4NgY4
WKCZp2ajXhw
NU4szf0WV6U
izg_9SVpXvo
WDQWRlK7i0I
sZgJ5WsFfbM
h5JH5N6z0Jg
yxYZl5ndEmI
yFXjOCrsiDo
e88O1_bBzxQ
rOqK_WcKOdc
wNOi6JXErvE
caLZqSdEbaA
a0qtzxJmvJo
TB6dVntif0I
TEBlBL1NtU8
gKRoLKsRsA4
sxFdYZu7tnk
jBjDyAqZWiY
aSPOmN4l4FU
WOAS8pCpAyk
tkz3b_KmZOk
NzUkUtGMktY
ZqTUzVWV-zI
y8PStQIvyw0
XDjvbWdXKq4
tMod_GWEmrs
xUHwKRvLF7g
WZGXolV64eM
tbgZ5fwucz0
VmJl4BiE0qo
ko_J4Xbp7fA
RJ2M6gKARNI
MUzwKB0JXuI
N79RoB7GIbc
iGW_P8Kol-Y
ncVHIxqXRJo
Z5ecBH9aFyU
mEu4E33tahI
P_rbGPfB0Fo
njTzTFUNbyw
w_TuJEfwTFM
CvNS3Jg1crU
WaUlqldqQIc
g49VTYV2eR4
zyFFHsnZuiA
XJQsTwV1RVc
jgzemWrZoJg
gby7YrKGXN8
rukQBBRKhKo
ieA-zccWpTU
eSiUldTIXho
hSId9wNhJZM
NdmBuU3DAnQ
UBg-3p2-DSM
y6-O2iCBNwY
mtZe25C7Zko
b42zZH1xFJU
pfUnLt0yZlw
dPn5LJst-50
y7ch0yH_Aa0
jX9RJSMnAN4
ypRsZXjgiZY
sCItwOsYOb4
UaxH2w3nUuM
o3Ax0i_Aw74
aU-JV3FPEEc
Tx4aMiv3ynw
hGpIJfgeIRs
zz8dh9yHn5I
Pn8T5y6XfqU
XodOJANpyMg
aV9vDNyTUYI
yYcq5MN2EF4
QBf7sKErSLc
N3Z0YgF6Mcc
od6PVpobKWU
q83GeK2nSKU
gIo0erjzU3w
mBttO_ZkdlQ
xkJXmBwNwTk
aH-yUOkmHhk
9nFDGKM0F9I
YTQwzYPr2IQ
1YQaxvaXZBE
nKsRfPXk2bc
dayEwF6lVH4
Qjfi8fNcKI4
kQ4E8Lad6I8
rrj7t9ainlQ
sQvRzqxL7Co
ps1azJghfG0
yq9I_2ptXYE
jT2anIBkW8s
NKil11nlYzQ
hTmLfRPk1kU
NivV4xmJAtg
wv1xrWWyL4M
_P2l3yTM0Dg
v_pe-noAD10
hYnMmDgN_iM
tbDOD-B2wxY
Okz5BDo3_XQ
RLJn-142-Xk
FskeAxQllcI
g9pr4_RJ6Dg
dkbGwBRz-18
egYA2eMrZcc
uqlKb7qeUCA
gRaWlRAeKwI
t3ECPLeX35Q
TZ497ezNwok
m-ChKO4hmBc
f24LzSFe2hc
tQj1SDpAWFk
VphYHHi5IUs
Rt1XhPT-XQ4
NpqFaASveK8
mUgJw_oIPKA
mXVaX8lDVpA
T4CRFyBAF4U
W2i7IgD8z74
zaKK2ZjRRDU
mOgfHa36-ZE
MKY1GXEq184
hV6Un1PjciY
OoFkVy2Rvt0
bJgRrcbIB_Q
hs4LLh5EEYU
sEJMdphQ6JY
Rnx2Au6rbGg
gyJkrOIGoi4
SC4at6Z4u9w
bxqBu6inEjI
YSvuYvCJOoU
Z2TPMBvzTuw
YykELIqqHb8
TlEzFCeJt_I
zdiOGU5qzis
TP5y5FV42wM
Ou5jPsAf2iQ
P9i2kPD2khI
pC65wEG5LzU
v02hwYx8-dw
_P6zO6sNT_8
Y4Im0bnUOKQ
hTrxLEQmfZk
wRqmxeU9rEU
fqlBJE-O2zU
yT5BrYoAP70
tTCO-WPWazI
ygGkdYuKKnM
OJfyIjuLgzc
W_t4kN4oJvE
bvDxij3RFyw
fnV-25T0nDU
iVNwtt62_34
XLtl_ooIW9Y
iGgu6LkV8X8
b83u-m6j8FM
RIJIOyUOVEk
zhoeCCm7-WA
_cAaitz_97M
a4ygpXjiLQU
elqF5DiTt6Y
VMh4HGZShNM
r3VYFOzq_fs
vFqP_gUl8Iw
fz1XSQ9khG0
rtU1oMtapKE
nl_YScxaN3E
mJYfgX5x8MI
z5Qj_1eep5w
dsnzkfvhuNU
xEg1Am49Hno
lrOVtle3ONc
WwyJTY56JrQ
qGgkcfjd5eE
sqmv1loID6A
kYx79bp0-pM
h6VDzs4onew
qGV4P1aRMT4
nR3-vRn5TbU
X58Rb_Lg388
ZjxhBVxYo0w
skxTuITOaEg
yUrAfO5c-UU
VUftJCODcJc
gh0Z_xGyrp4
ZCg4OIvPzH0
nw2O0bWuKsc
Qlpl1czGB60
YIaaYyJTN8k
X7O_qwMmius
uH8Ze0GJJrI
s7sXWB7_XdU
Y8JgeWrUCzo
gk_kkzs1ok4
X_Efkm95Q6g
s-Y064z_6SI
RHhkJB4WJIY
sdI-DX5F_Qk
kqr3fIEtZhA
cbjT-qfkcGk
hsRAhW2EJc0
kFF05_eEB2Q
bn9zaSb7egg
s2mIAwthbSQ
tEUu9OBjBGc
frrjoHJTkHY
ZVIibEdcp1E
rB61KnbrkWo
auilYYYvaeg
ViJkUJWSCs8
zOrRqJGwRVM
aVnmOv23gjs
mT2hRJkBJxY
kaY3Q-KgR3g
x-jMgWdlS3A
Msg04bVxnCU
bTefOQVyo70
aeT3RoIkWmA
eKqDmBh9Bxs
cMbBgl1EfSY
g7UsRyDXGEY
Tyz4FCwptKA
eoea_fDc1bU
zfXATaAErxI
Rblfyk_gORE
mgMuyZylA4w
Nl4O1NwET6k
flb0laex8YE
ncbBOEoV4PE
qY30RkmEnzU
OaiIo__0HxM
X9W8swwtvGA
aalSOXSaf3Y
e9M9YTGeJ0w
jlsCvp4LaoM
NkQbKc8tJ1Q
xdeM1PcjfZc
rQhBY1Ft07Q
jVeiLfMRmO4
a3zZOA0-Q0c
atqEXEdCctM
hygB3-VhxFo
cztmJwBNIdw
fA1a0dKs9v8
SjjAElEI1to
Sy9IwWj0yI8
_MpVJUlbg8E
kc-Nz-_vIRw
q7u4aFUMOv8
ZobHL82rAns
ZBTIf18Nmq0
i6ZAMnCxaOU
5U90wKeiYWQ
jjA1c1dHFCA
jspLZYZJIkU
T_2_1niC_3U
zt6tKMAmLaY
qjM461ZaZUI
ljnHnqfEGjk
W8pc7naFT4I
WBwSslwFOQQ
xUE_a0UdOmU
u-zvyadJPLw
fjCUIlCXNtk
sghrx2xQzeA
zMd9CUm48y0
Pd76TnzmHMs
mUSIY0F6bEw
e_AEG_e7UHo
WFBYsgvfWsY
p92T64l7NUk
rYCr2OmD08U
NTPzrXPm8VM
_SigQIqhxIE
cg9z1DNqljQ
h6eEJnT41PA
PSy_8ANrDxY
dkaTTWYdv10
iGCArt8bSxs
TLpAoLrvuaQ
j53FgA36dH4
PCwc-FD2Qho
o6PlNMzL8Vg
x1l7t_NiA1A
vdVDMjtSoR0
aZDkTk5F09E
eRxjXilR8Bg
lfLseWYYPuQ
uOcjV7uGvbg
_SMbSqJWKXM
vcUuzPu_pjs
kt6nUV3LWIo
Xz1XEpaYnag
hUKFDCawHco
gX-Lqwxy7Gc
T78x4XRUunA
q0wIVrBfkgs
bOL0aAwxDdQ
qbk1p1hDdPM
ONX4xI_lgBk
c0hrxYepV04
nPmM56XXFHI
oDRRiWXeclQ
SLY62uqXOcw
vmu5-9fNeuY
YD8ic4bKqcs
O96-D5Vonxw
i5QQzFTvnFc
Sf6fjQNJ4Ac
Pcr6UMpMq5U
xwXZxH4nh9g
sGKp4jLYGa8
pwioxQF9S8k
ck2zTSmDB1g
vFvF-YukB2g
gFW2f9dUMBM
b8YoW7j64dc
UdXD3gvP56U
ndrqSpp9C_U
kjOUDjR9wko
xy6_6xGdK6Q
xiju-nbuM-Q
TG4mj4scbb0
QE1M6IPqnyo
epzV0hSQXY4
rB3ByxinOpI
cgdZ-l-JTQE
RrTCg06AvMM
lK5es-OwF9g
xmb7T0jmkpg
o-elbfC1pvw
RvYkK4zpTaA
ue0ELddd6N8
oYhjmqlKWIU
-wJAudMwtVE
VM37ELrlELQ
syeZ1e_8glg
mEia4faVIQc
ZicIZsxqNdE
uzRPpYfKM-w
t8Hr1-ydlYM
cRGvbR53QPg
WkoVNMuERTA
pUA_3YAAEI8
THKEnD9PB6E
k6e6Qa9MqKI
ixmuDAocfZ8
iYfoKaa1QZI
PjAUW7l_7LQ
Y3AHDdpmOPk
vWncWknVwbg
vOVWgk9aGMw
gACJ5Cg6BMM
nwHY5J0-i78
h2lnGirqw24
Z_BjwywCxIE
nvuvk8SFUYE
VsX7fEoY5NY
X9X9vGoZG74
icCwbnarowA
Smn0RlckVBo
WjsNmB57tlk
ghvbwF1V1ZM
ODJx0dF-LMw
cTHLPJXpifE
T6zV_KIzD7A
REiPCq37uQY
doyJXCDY81g
eBuatwndzj0
yNlc_qx8mEU
zACAf_bdp9c
_oYHFs-SyAo
RNjT6rEhXMI
QZaXqrZw6go
U3SBFviO-F8
cpEI02rpDRg
wrilJjj1TIY
O_6beC2jVp4
V1estv_B8t4
pi4KDSIgzuo
eLeWq9C9ayI
_V-dzjftmCQ
yC0ou-5nooo
pqK6j3mrDyM
UU-2w_kB48Y
Y_L95vpFo10
NicDmojTfTs
beTCoIe-dck
zbeSiXpw5cY
QWnDj-YaaVQ
j5Q8fhbQLkc
Yt6x0vTS4X0
gNimTndZcTc
vKlXOQ6Pf7k
kvICxt9tjmQ
fJrqWLcrYg0
gOCCloBUMJI
tBmN034VsEc
ZCCMeKC_XFg
UYS7Wm5zkTw
WWCeiFsPpas
Rl7JbERa7h4
uzmC6LVmb-g
tEAm8Fjlcg8
vXmgo3Deb3c
SCN9c8CzeBs
sTvnP01opRM
aHnHmwOi5Ac
aHxJk2j0UTA
gdP7GfwVGb0
YnulBOJc270
XYsANIhuP5E
kSAcj6mJhKM
aPDBW7cSO9Y
UiIeRNQ-YPU
cxvI6oyUiq0
rPNuZtlfEiM
Vhf_51aUme4
q1R1rZ-_t8Q
aO0nca-g5FA
tlwzxrroSPY
UBSQWTM06Lc
ctkvPRX60kY
cLsuG9hJM3Q
W0xTyEVr76k
eARxG4WFLBw
D09BRjerFA4
S1QCGHla21M
T7Ly9p2sgPg
MmIr7WfTZs8
fZVWiWFm_to
NrYwNcVfIxU
g01WT6fDTtM
ZlDae9RIqSs
WBKjLNOICFs
tyImScbTwNw
a9vvZ4VV0A0
ggccUn_1yi4
8c0livAWJsU
e67y6iP1bL0
Oij2xgvzxLk
p7ahQBtNQbo
tIMFMw8qEf8
h8tEGl8n3UI
QmlXjWOiK1Q
kz2OdM9VWz4
qcozwCqbQK4
dFjxEXU3XaY
s9Tn7QUXA9g
aiy9GWa8dQM
WkVqTrtD2I0
YsPMyRrCTQo
hLq6jjxkhYo
kFtXTuTEE5g
zAOV_N6eZ1w
uWGaX7ysfyM
RTR4SApFrCY
S_uDeBToNhA
YrdKB89_RuQ
d2NwqmMg0WA
tOtn0Y4aWkA
oxryF1vQFEI
dvn_ASvIAOY
zeNVFnPU9ZM
hIqyOofpc3Q
R6pe1fy7zFI
NHwDvf7DvAk
eakqBc0KxP0
hZlQ2bl9paw
ld61XXryGgM
U6jcSYXJGIg
ZbnTmYaUdgw
RIz1oQqaDts
kouGWraS-Ww
PC200yY2bmQ
vzzgi4NyUhw
kvFlGwryWVI
tjOLrb4ZoVU
fSP0qZntxek
S6rO0xcYD7s
zpX3aPkGymA
oaWd-69EDgE
jOzOPFzG-Ao
n0-l3ogRdRU
nV9tIJTieIU
pV3UnGxkAGI
iQB1NaWwuYg
k2FVFHXp5AE
T5rnAMYrRCw
eE5mO-qM4FU
pOQJCk3OUVg
TMu4lv-hyi0
oNUseT9u0C8
bXScnw22kOI
UZb5Jgd6ZzU
YQGjqBn3kro
Nf2u3ZDCa2Q
tfofCdwGrFw
mJ7DnBiTHyY
TBQKniz7Cko
grrw2O1OM4w
RJhKafboiZM
Pu1OfxDw5bE
fDY9oA61cgA
pAYYx0zGDKk
RLVaRrk-KA4
H5svj-qKAyY
vmjipL_gjFQ
yamdaL9ZfJ8
TQGxiZlmk6w
cATvldMR6G0
RVZQwg8At0E
NgEwwYVEs7A
m0DlBVIGQd4
gQwaJAuu4rk
TrvkfuoWlDk
TTDHWizqGDA
SXJuLosWUAY
hhctZeSFFqk
liV9EOPQAMI
QWhiydj0EYM
ZuY19eamSS4
p657mcszZ3o
sTz8kyStCaU
uF1cbiFTSUs
r5UewjL-s7Q
YrxSy19cVOw
UTAwCMbIYIQ
fPbIugSynZU
LTnSR_3zNj0
WhtSikqWlME
zagju3MvEZY
_BmIgQZloaY
cs-AIPuZZhs
gfE1mrpLnX4
SXGO4Gq2A-I
WUFIXWs7M4M
o_oUZk2MSPg
IeC3ljSaNxw
UGbXUQ91guw
cR45gStpYhA
d6opR7zy78w
lq8NtkBSWGs
3qTFtoU-7-Q
SEGJNMxQeNk
zhPNkzkeIaM
fC6ZL8xt8QQ
VrlczAj4L_k
RLLj4IU-pYQ
KDWEm95gZ8c
ZcDjgaJUI94
xaqXoXfqeC0
x4f55WNWQ0E
lhgdH7L_4e0
rQfO7vkv_kA
b5KXdux_1-w
kwCII-ZrmLA
SsZUJMA0AtU
pHW_SWKQh24
dtsnkEVS_qw
gRTIHZyzZRc
bSoWAz-TjI8
wn-jSBesXI4
mlaYyCjjjGc
sQSqfBs2fs8
rH-8NDUNPU0
_blhB9-Dvts
_5YCiFpP_EQ
Nc5BhNtJDpY
e-_8uPjih8k
bX8mWoRPtKA
jx3JX5Nnpqc
vQBasDQ_zQg
x7wdnncC4fM
Mm3tP5is9f0
yo7cJT8f_CE
Yt9ReCbaIfo
rxd2B1QYxpY
S3SqrAOly_Y
dUebB8hrj-I
UP4SL7GkcbM
q94K9oO_esM
orZjHNI1Jg0
VGLjp5g-fRk
a13S5_GWQ58
_FDFXiQkei0
t-3iAKC_Eyg
Sn2s-NfEVXY
bOtYWTwu3uU
xQEBPQsQTaI
xI4LIDnaEOU
gXQlH8rNfAE
mEy1LHq0WHA
N5Xx7J6dvSo
YD6sxLTaqPM
VTO_dsJvZpw
uvIh2s0lInM
eKr74ElM54w
z6WYPpGJQd4
d1FWOtHOBrU
xiI1s8HkSAM
hYGEVf36SIE
V3r5WQV6j3Y
YE1pRnzK3h4
TA7lqTQDIVI
ejW5gTObNow
uDwLPEUTa0Q
zdyc8zpEJkg
aO02tD22zsk
4_BQsz7E5is
T_yuS7EKJAs
d2yJnkHJxII
WyHZI64qA1I
yjMA7zm0roE
fwsSe1EbHbI
c-u1HcNyYrM
Tj5bBwQAvX4
ouTaq6c03pY
ZtSO7LoubZo
OMSzg3g3yHo
YQjrz23DUuA
xI59bXTBW_s
o70eyoME0gg
e_F-sAuj6Uw
NMVUTBGYlQw
RDv5sOuyxyE
_daBJ2VkIGE
ljXSFz_3mPA
YKKj4lgDKXI
hFF726TsAPg
xCfQRkW4Amo
StCKBYy4rTU
Xdcce2MoVQk
dGbY905yqzA
mj4OvWNaJqQ
qTd5IAq_6NQ
UOXC5nGdhG4
fcRiC5RdJ8A
UZjLqUWWiQE
bgdCGmdIc0w
XE4ymuTB2og
oNmoQuasubo
SBngfV3Q9k4
Pz5YGsCYQ2I
wT5jxN8ScrA
_5VC-CHx-ds
gN1Zs5VQKfM
QZP_Pi4nUGU
iz5afloWb5Y
PwhwDHXjPaQ
OtjIXJjhU7U
foNnhVB3rR0
lYwg5DUOwEU
4BEqQdfMeNc
YpbhhthWPtM
gorSmpt2JMA
rPQADfr4bKs
eqj-qgFBuXU
SwBj_tUO4MM
trBB5DQkDDU
WJiHRtP3KB4
YHHvJXjKMC0
aGIRcMHt_Zg
tq6898XoSZ0
WqSlovz7Tb0
sY0vn4FUvg4
McjVzT05xBo
ww2VCUNwQbM
Yw1S735S78Q
Or1Dl_r3lg4
cc4fMQxMPQg
oyL0gZ0EhSE
VfFBkpvhuUA
maYrsUw0KH4
p5r2oAH_ePg
k3d0UDymH_k
yDk_bjPsrpE
x1sLeZVg2z0
pkDy4RWapi4
_0wt75Jys3M
eYtpv_OiWUA
natypX_59SE
ghtEOUjTd5s
_IykYBRutRQ
xRrqaiTLdGY
l2SgplfSEbs
nCuirXNiTCY
tF0QlPvkmU4
izkFI6QesRI
njxCLGX1AgU
kvmh09DdNko
RsREQjm50e8
iSkXHffqvxA
bFw5oEwZ6vI
gPniWYPxBjA
RyVZkX1O6_s
vqyPr_bwOzA
Xe9K4hy_rrQ
eWg4DLBnMho
SXOOseyNmFc
WbSeDXl2_II
ct5v4unurzk
gZb7Ci2qtdk
hN1rnUzsjCc
wjRBeRKYWvw
ZEmN6KiGuHM
TD3usKmxpTo
O5-_2t8NW08
urks7wEupVs
om5DH9Mzneg
OkSgzfWh9CA
nlkKyGpKwPo
QVw4xKQ4O8c
yWmJGV8Ef7Y
njJye8bPULQ
WQkUagslg2k
wWxgSfXvnqE
oiM2Bw43CDA
kIcgKxgz6yw
soNYD9yoVAY
mnJH_n9lmI4
PQHv1jgWRQw
SxMUksTfO4k
_oINcBFDTYc
kKgO5uf_uVs
9CvC2--1IPY
jfwBWg2TbVc
vhP6eF4KNPA
Oix3TOGNbfA
b6uqV62iNd0
MvbNUBw0hhA
b1O5JlomWz8
qyOWdKT7RIQ
yE5Xfgm1e1c
fA3eQQl4qP8
NCY5dNteTvw
vvlYMRKFA-s
gYG0pNLn4cI
V5ztf-4XMW8
uw7J87DpR4I
BZdZx82sOkU
Oh-99OGt3KY
_FbNqpceCjI
VAewz43cLWs
_q90GxbMrU8
i3ua3RurFRM
nFvtfauamz8
t-WaSHroiRc
YruSIE2JIJ4
rwDZAhLEeXk
zQs2rzdSeyc
fn4harv-KuI
eYBziHj2_d8
Yghh4ys_DGg
muR_-ueCI8Y
jaojYqSvliY
Ulrb-sSxboA
poH5VUXBB-E
vnvYymrCn4g
bN5v7juQ5o0
n6oTxZBsvjE
aFh2ZqCO0Wc
_1k9w8KiQ2s
R8bQq3Ave-4
i1m59dtwzKA
buOiDU0eAe8
xY4s9EPJmnk
PrKg-_DSJMI
N0LpX-j10GE
ho96zT2218c
f3R1FdPbmTI
q2OpNjyem0s
oUUxfaXeKFA
a8RZmBV5oYA
c6ymJsati1c
Obwas6Zk448
VbcKpMNajrU
dAkNazWStrQ
tQXs8gskEiI
uNij-oIv_DE
NwTTsYU0Tzs
y7ZqtazlQA8
rCcrewPIarw
cOpXQjyuV5U
X-L7fQ74Axc
ZF2uk4WjIrA
eVHIkaXjYjQ
cpf7Mnxul2U
SZWCOwlzaT8
UJvicUXRWRM
TUcJ4hnMwRU
xJTuVbix7Fk
TtNFBJvNaEs
NH8Aq-9wwCU
jlM3gjunMEQ
nBjL5hBFC-Q
wgXqU1Ok9G4
fpO72m5RH1E
b0CplbFyCt8
wyh2iU6F3vA
njlU9m8iF10
VUPDzjS_ttQ
a-OD8hsYDek
dmSv4_EYoeA
UOvrYDwHdVc
O_OIfsml-Qo
iItjLuBrYF8
TyYfr1MJVdI
xknDbmiVLuU
YVvMHUW2T3c
qeV2FPhhhBQ
XniHOsOePYM
EGfxYJqyNkQ
OpHMLPWSqNA
yqn4gsV0vwQ
VCk1t6erRrM
XiLD8LWcfk8
sk21e9d1yEQ
n7UXyh6nMcM
vdg5pcaNVY4
kNTgELq3u48
S3avxFzlpmQ
lq7GJOLwI-c
ukfLNRqkzRg
kiIYNMadNMs
PeZQLP3rlec
TiH15LRfDjY
yUxG6e4WnhI
YH21IdxrHOE
rwg8rW_kZi0
t-7W7RRtiyI
xSy4EA-ObGI
wyqRyVPewM0
NzHVg2erIa8
LdGcKY4CHaE
iN28bh1PZKM
T83MojfYT2U
rpcmMHrOClQ
qlw62V6KGbg
bbdiG00iGSk
iW0ugckDZFA
Q6bK7GhGsm0
h18vXm-a3Co
vF9amaiSa9w
eiAsas0jDL8
hlLJ1FoAqa8
QeBYBP6nick
_ngTAUuAvXI
m8wQvESLI38
a408aEXTGb8
liyYMhzQaG0
VwtPmG2q85E
8IkBz512ztY
mnI8kKZk_14
AzLoDx3VXgA
qUT0JTAtVIU
Nyei_vA2ZI4
NM2oru9ft2I
p84HUovI1mA
knmqIiSJMNM
zB7T-RdiESQ
vde8Pnm8zA0
tbkKzDqJUj0
q3yDSUeZAxc
q69Y7kwAD_Y
qsrIFh9IfyA
QcXaDr_VoZM
X7PFc608xTY
PmuKXNzgb6w
e3VSTJ3XIpw
rkefgywWcR8
wwg0R15lsoA
rOeZ7Xms7zo
_oGS9NN1EpM
zoArVZlKUSc
q82z4xiKnZQ
Xfq3Zz1rp40
NcPj-GFEb28
dGvq-8ud6wE
O5zqEDYwtdQ
WSrmB6XPfFE
rzczFC9bXYg
g35yCidKZxo
anuMPS_FhAU
ubGUAG_AG1U
VNneY_bUMYs
Pkpy1T9VgKU
Y3IIHqJZRS8
P4xwlh4z3LY
qUT86CurgBc
klXO3PlmpUQ
zjs0dosvGrY
muoj0puv58g
y7I109w5jeY
ymRAhHyDDuM
uOgusNANReQ
xumDOeVw2gs
Yum_2arR1nc
Rb3Rg7SgOgM
TjZOiWWCLmE
UV-Af8DKmnY
MiGffJ5h2fQ
q9bciNgaVCs
ydNcuh1s2sE
TZsVcND88Os
TWyeBY5GQUw
sRIDObYoblE
cJTZTzpjfsQ
a6cOsGAFfF8
YX9au-72bT8
yzWf5xm057s
UOwGgIgl9wQ
pWuH22bfi0s
ds49n_HaYwo
RnPoikO2P6U
YCvZcxSdN_I
fKuRbNQbqRM
QZIcCTGFH4c
l8cuo9KF8Cc
etAPVHer_zc
OdsXBBp0xVE
pqwcd6jhP3U
OAeZ7HQdOsc
Tp_AGxH5gyc
SgxPcgp3kOQ
OHd-UbCzowA
rFPCdh2PtFQ
Qd5jxODjQTw
pCBxMet0bHI
Q6odJCrUA1I
Ri_dVp6QQUg
wFO7D_pXmWY
z5836UaQUd8
t0P4wSGEpf8
prQUyL6o8TU
eSleQ3gwev4
tfKFMyXrYFk
oxJWqsgGCVk
Wa6KazuI7To
M4IFOxBViss
N0-HwjHUzz0
okLv_8PIg7I
WkKfANPqJRA
xzwh_DdCoNs
ivH_eI5zNbg
k7fvkVRTtbA
fKMCRwG75Zg
iC3GnFnWHew
SiJkGufGd3A
ULlkadejk1I
jBalR_dCPzo
eyRzuHZwjCo
tBUvojs1N4U
xhU_S2yOn0c
rvnxlhtAMv8
f87DADEXxcI
ut4D8C5yzIM
efC2LIdtt_g
SKx4Og6Rhkk
ZZq3BCk7u3Q
mNajwN7-Bww
Ruia9SJVF7U
b_r3W40E2x4
m8lZFDOrz5s
NujbIwSbTWE
snktuHe0jAU
rpjT407hkuw
wMlHeOcwDPA
RNGmZ1RfBFg
aGlHVV8_FFY
jq0D2RQV5eE
d357jztobYU
hvOB7t41Pj0
tDe7HGNteUo
kXik83d6Mi0
ldiOb99Cpsc
ah9ZOIQQ998
yNxKDTDSyNA
frq9eNYqKp4
OsvdRtk8g6w
tif8zr3q1qY
UfRoK2t5nHY
bkCbVZBrALo
cYoGsRRBytA
TpUgocVhKhk
x6qv2a-YGv0
i_v1lPYbPE0
OKBJ_Zo3fa4
d0xw3APFQpY
lfz95b4_-b4
eVqJY_IgB2Y
mLHVCfGCFS4
iooo3c-42Ks
g9_YKPELFrw
W3xg6n3dU4o
SqwJ8bT3id8
XPOb6sCW_XM
jSd3jQE1wjE
sty6Lm5eGGo
TpK7R3cR498
O3L-JXsm2ZM
c1aVv3oG8dg
eIo3Rc2OogQ
DoEOtcRGfaA
lzAW7rX7CVk
YWCXwpuWMaU
sBaBZCxkZoA
e4B0BOgBvMM
sEG7Zy5iFvM
eO5qq9ykB0I
dxguOEeQjEA
e3SnuCMZbgY
JlofyQqHxYw
qzZjYdtLQVU
RlKFVAxKpAo
TylyCkErwFw
S3aj2NDQoUw
O5LEywZLMZI
N8msCOEVjoI
iNU9KVq5ReY
S1Rd-As1cxA
o0egC11PHKM
bEHikdrbKPM
uRjCb_LPmHE
loXnJ4lVtJQ
ZyiGKGMXP74
hyHwu9uti9M
3o9IwIlEF1w
a_XYbrkx8To
zevJwQZoJFk
xtuFvcLkG2A
a69ZR9mqAf4
unlOU6KEK2k
eL0KCpIpMVA
NPaZGe3dptM
RF8E1v52NwI
YJ6rbrCpJjU
mdZAESIJn-s
N5YMVHdMgjg
Sfep85C9eNg
SMI6NOPqKv4
VuyENhwmnBY
y_ouhUEVoDU
ZNcLEjv5mqc
pgY0L-SoUV0
UUzCO12ygAM
__tFzrw_IA4
ncwgmldRHHA
Si0dhqXR0q8
xGBm7c2TYtY
YTjEEYzIQQ0
nMn4p_m1Ntw
fO0hsmPs6U4
zpRGs4t_qD8
qF5JXFeWlXw
G753DkJvJoQ
eLVPA23HayY
xJIPMpesGiA
RwA4d38Ij18
fVE08IxlqPs
WZmcTwKcsGw
XXaDaaSOsjQ
wu0QNHHYxqA
VTriuCUMKo8
Y9o9RgO7hF0
gBpC8fNTQ2g
OnNGIJfNGKQ
p_5RjA1U8Rk
Vmg4vlt56FE
jPw_aqlpZ8I
XOUs6v9LgsY
TCqFjFE38rM
vGBpAIGrLUU
pDBXW9HTwYA
bukj68QpUew
oG4Kjx7m1-A
bHoriEGylkE
SkL9kIO6cvo
rrFAaw0MVNM
lZ2aOdkEmUQ
p8idW1YURrE
hTVaA6zp-2s
hYn12Cjg1g8
XX0y2o3KGq8
hKigO1XSAJo
w2NketinZDM
n88uHZ9ZU2I
tEWUpE0VjRA
gNbg5LYP__c
q6g2JQrDbA0
g7qjtsl6XFs
pJs00kY0v5I
jtFqDcawPfM
22HPyTyeu_A
2BHh4M34Vic
nKAa1-qt3T0
XHQBJgJkVAQ
R1SMUnkQgt4
_6iwF8eB9tM
sdnQLHk1qPA
iPS4jQD-RzU
AwZrdJK0cPQ
B9y43cWJNds
DfnKL_glVT0
grDa5Y-0YSI
TMAIwrGKqZk
_eg0KBwFxHM
XXhDYl2qw8M
STVSCFnhAlM
UaDR0YUa04o
NE7v-RZWoVQ
gifyQRRfRPg
cV4ShPo0Gfc
P4ENquI7qzk
uLb2GIammyY
a_Edmtv8aZY
igm22DG-JgU
d3n6IFqHtIU
gpuXTUhXqMw
nDtXZ6VM4d8
NSNz6VVpWI8
52wiJAz-nZ8
ndvnB7-muFw
kk0lQMZMn68
PFFbpPnFq-k
xLiPDk2qV8I
IEkCc5SOKkE
k8k-qBNVVSg
lSaXTMbVFVU
y_50Y7OoubU
djfzeroYXQM
Pmpx4QiRrqU
l88lqy_Vjsc
mj4gF9ZoR0k
g34o7b8rMiU
Q9ukXRcTiAg
kxspstuyrTg
Fab6rYqGgtE
lULoxh0nEcI
SMwVbyDgruc
Hca7NGv0Jik
fPJ36IgL3TE
ko-QKy4pXcg
dqnPvKU1O5I
sTrr3-2tIoQ
sFt8pi73iB0
ib-TpHH6MVY
bVdLHIbWc5A
mO5m3iAO-6Q
V2Kbo7QuF40
i6-jSaJCJp4
f20nybMZhms
y8Xv0ZeQ16c
uvUSH_FHKH0
bwEMUedKqMo
smFnjznWAjU
rT19bJ411UI
gpkX3L6yBeU
RZYWPX6LAXc
jlcEVExrQK0
lu1wXK_UMGY
jebFKzaSKwc
PdmgX-qdIk8
xukqdPQsbX4
_oO7Mh7ZsJA
kYm7tnOPtB0
vu6UXc6eDoc
l_0383Y9tXU
QgyYDfvdAU8
ZajAHIMvzL8
m9vCRfrJPDs
ipuEkrblMqg
YOKhEMQyd30
MXtLG1IeGL0
PRJlKN1PQeA
udqRATjQfOk
uvyo52rg8Dk
prvoz7wb7ok
s2iPHkXwylQ
vkRgOz0g6lo
jHfwDWOX_qA
maemBFrxNHM
Yn0c6WhcuZg
sjX4GaGm2qw
dJvAtkO9XMk
jf9ZvjO9chE
a3hCChOoXoI
_I4fk_jTJhw
ypprB6WVYCI
oAbU306-ZnE
RyiHDsFXb7c
w1vLeToU6eI
z9Ghr30j_es
vUN7AJNneVc
Zl-OP6S8vqo
SOc54z9OQbk
UGhKz3VRoF4
hAODg_tDl-k
dUqgaz_mlHY
RONwRwUMrXk
yFZMfgRk62Y
bXstR20p8kA
PqwOiAgtOY0
jou7HEb9Hv0
b3-KTcP31vQ
bOYA3XyBq-k
SkDvcS6oP88
ineeDZxpfDo
uuxaqOwdTlM
ntuy43onxVo
lZhpAQIw_X4
OBSNioec8yc
PjRb6D7CzVI
SC_NYJrYfKE
Za-C6WPgLiQ
_XXFRCuilSU
W-t0e41WE4M
xsf6aNfPhHg
WghZ-RgpUJE
mOuYzg72czU
SZzclMSjK9I
hHpCR_6Qn5Y
Os17eRe8r58
jqaII6FTR-k
dkniD4J-OpY
an40wED3zzU
qTS5ZW8e_3s
me055oxEs14
OP5YMeAP1wE
uYqNmY01IjU
Nrmiem2NpaI
T3KGzdWaQ9Q
Js35f1LBnRA
tJpoHTwfMrY
PNSM4AvlR5E
QAxyTiv3dL4
TfUKRSnWAmY
uM1TwfHvAY8
WeMYnYrcJZs
QugLxvM3Sb8
t35k--yZTkA
ixq5OGYjjmA
oRXPzFdR41A
UVO3Mznr-Ok
txNsnnkIj4M
okxOHR8lMOk
h4M-djbR5WY
atLFs4LTveI
rTp12vD_vzo
jbb_2TAkp5k
gGQhcOKbk6w
XRimWnqmzCI
p7IAQRN_vJg
uJZHhS9eIrw
alof5QVEHws
lwzkeMZIZHk
Z3eS4b5KuMk
ZJ8yj3OhJeI
fWQOHF_FxMI
mvFc3Hg3cxk
TtvZVmIRZ5w
eKjioTWhsRw
XWVhVjHpDbM
XiBBY5XF0Y4
QOt2JERhRPY
Q7PBK706MqM
dMNENidDTXI
fTDYbZWA0j0
h6bj23AFmsM
vL2vqwH9ypU
ShAkmzA82Xo
U529WuClBRk
eP0Pc2B0_vI
tkA_x3jbqqI
vhcyXodzIYw
db-yioQBuJY
U2VTl2SyM7A
st1Ax_8j9wA
fKqIwNguxGM
dOqJY-zQM8w
ZGshihb_-K4
ng7RDRHkixI
i8EJnqGvAsM
bkKCubQqaQc
XjSU3PmQpfE
zPLBa9gaLxM
eGXLiWBL8kM
dAGC9diRohE
VA73J_ad4xA
noTmj22nfxE
bTL63XRdXi8
jmDYhjlPK-U
tiyxU97bgYM
QezkIYFU9wA
oj0P6v6Zg50
-gJmR_kGWXE
svHOWgttZFE
kpTR9TMgNCs
tqasHtrUpm8
V5dzNUtXtmU
m586kQ9mwSw
jOXsrQbsnqQ
gdbQkjHrcvs
jIfRWnufgyU
tpxQa0izyGE
YP9W4WGdJ1Y
ajZVIRnt-Bk
iWquphIEtFo
vebnUKqB3Co
xlxLjhuVhTc
rcqMygT5ceE
qOlqdnBZhUc
oHMwC5i8BWQ
ydtvhVi0dqs
ffyASPbQRs4
azuWWnngZiw
y0dM4TiJPwI
OlV0uaArrBA
soZSHkqJFcw
qczRygi-LJE
jBSZ3Sknm-8
Zrp5_0L0INQ
_SsgOAU9-yU
Z9lNo2ZhYjc
TCzvwBZBqyA
fqv1INQSfYw
iDv2_hCXgWs
wwnQePAgEBE
jX_QRmq4Qd4
zBEi7X31-1Q
Zvpn5wqUOOg
XsdqiuT6ebs
nOcy2l2nZAw
V2jfzROUZ5M
rDNe45yYxzk
c0O_gjdlBIs
oMei2sCcDZs
ex5AKMhkNsA
mJ3KbFwnb7w
Z1xaG2koUHc
cBPxpaoj5wY
aKJ7l4Jpnjk
rddoxNVPBNg
uZaNtA-Zxts
l4amVAfrHLA
f8MEz-hHO88
araEvG78oXQ
nL-1nGIh3Vg
T_i4PopBxHM
_dgIdL-pmtI
WeHb70Ijf28
ZiT1ZwtAJ2A
O1LnO1L_LN8
zMJvpShOvmM
OiqB9srfvAM
Xq94aHKpYGI
wukuHDC5Izs
fVsZthgnc70
bUbYurEglSY
ucoWfvXfyAI
mDJeFgKqPN4
vTkh10Mj43I
smD5qZoGyMM
mmNBtlDJnbs
woS7cKQ20Xs
rPE9OPnW6lo
Tf-nWDMDf_8
T4wso3jh4PY
r7oEKbREBRI
hI4RnpIZuCQ
bqkHD9QXZm4
Vdyrn0Pm6gA
X_E-zvwqzJw
j7TNUFPdF2Y
goEXcwPhBHo
OnfZiqAuUMY
Yf1eo2zu03Q
mJB5AcOxzgI
YXLdJKKsfDs
nyDXMoSvsy0
hiMsU8w7-ww
YvycvJ7jLyg
oRpNKG_4cOA
NoJNgS0Bx8o
eLPS_1t88JY
aFs-2snNtQM
Vldmrah8Apo
SRJaHZg94S8
N4HH0ETaDQc
iLEDaUUMf1I
wCMQbUPdV1k
hPZ-mIyAoek
PT7_lqX38HU
mIa3DP2QxAk
qNFH8mhmaXk
XxG1thokE-g
XYe-qwdG3j4
dny8bkB1O-g
jNEaz0Y2kBU
Y5rfPT6y620
YAEyFndhl2c
beDntjdi7SM
jhXdcTZkUEQ
xyZhIcdJWgo
imqlKrwpTwE
uoVcVBAGPQI
ZIrTlHGEJHA
sWO2OCEn6Ak
y4Gr_wWlowM
nPVpzGGYXss
ah4lUpsR3YI
zX7fq5vp1LU
osXQY3DquBg
gEcM2F6n4hA
OlhXohDE1MI
jQ8w9PtgZNI
v0KanSlWnPE
l5RdCcFv9hg
fcD17GSzCI8
yA6PPyjUjec
dIegqnfLbLo
jXQaC89_mOw
_5WbupnCZYA
K-i5RFe0n50
v1Vmf5s42No
KMXKyeK_w3Q
es3RRfldNUA
gCDqKH409yY
gstLKWCKzoo
XqyRisN0QMk
ghrTAXSyRkk
m4OEqGZ97Mw
W70RDSM1j6Q
SGPCMjQPPek
OSsXgWuDxMQ
u581P3pJzqE
sYc8bJIFIO4
jPRhkui8ylU
TzjtFOXtjO4
vRZtreKGP98
d6vZhSaf_3s
q9t-tex32Zc
i4zqnobAdO4
UOg34NKUyNQ
WXiDgnhMPO4
jc7aFusFg3I
uo4TV_sC8r4
EZavtL0yPVk
LTSoO0yMjfg
piYjjEfI1YI
swmnmy0sAk8
cdvqdi6EcGs
mPoyAynrnqA
xyvmFOlGrqs
szY9KWzKm7o
U4bWFYDXxro
rDz-3ia1Th4
_BUzjHz_Kqg
tVuI98W2o9w
sD0wJcKjKPI
qRajw4twub4
zY2ne6SDRQQ
aAocSrsl1JA
UgPL0UkK_4Q
wMda1FZ1U-Q
WU5Ld_f-ktM
GFD8n8eAqQM
obo7ZrqKdKk
s0E66W_2BoY
ddTtaT97qvQ
zpJC0BJutAs
gnDohn3VBx4
_O7C_PVndA0
bSoCaARQc-Q
oyMpWDJ85jY
mOkNRAnhbfg
foe_QgArocU
MZp6xs18rtU
epiQKDnOtGs
StE-bNfLiyU
rb30dF9DQP0
Rt1DMfxPfU4
g76zQOYXmsk
sMl-Lzch7Sg
PEt1MWFKTBw
vo2jdSEN7BE
wlWZJDEMPkA
kyFfV8Pe0wc
aarrTRAjJ6I
XC2dzxdTp30
dsDqELrFnWk
gOIBgNPMcOs
qDizCkOy2BY
hgY3qXsHlVU
uW8zMwJF5ys
bstLlfY_EYI
mxjQg3EiQrU
k5pCWBct_6E
q5VclDcWoEE
_hHw3vgVMlo
2Y9BnZW8ITo
YUxMGR6AWx8
t5iyUYWsBmM
cgEnLD0CU6w
HnXbyRzkVBg
JzttzJxMQKA
vCLYOXsutP4
cbTHP5NKPxg
thEEsipDYgg
U7-Kgd7BvCU
q4lpBBCccA4
RLZuN_uE7bQ
ZXR3IqmHKfU
lSuUCbzltyk
pUMZb86t2O8
PdNca3B1afo
ghPznZpE1lk
cvqHroaEfHA
RKJNNPjiyNk
jifYF3xSYAc
Kv4AyLt5PKg
w2aZFbDLWhs
vCodKgz6EcQ
eMpFROGZD3U
0dAYuT0rZlw
MTBnE-TcQmw
WVWrH0gZ-IU
jiS0tKdXJD0
fTvinw3gIsQ
inu9gbtlCV0
SRqhvb6Tons
fiwwvVV4mPo
gXb55YDDpWs
gX6Fb_sy5Hs
NUZ_5ttOTaY
iwDPh3ICinM
aq9KJZjzE4E
VrOIBRF3r-o
wQ8kpyVawn0
Mv0eNNsZwls
upa9PQmviqY
YOTHl1_Phxw
NjHdOkbAPYU
cvxc6ZTFUKo
qama1UM2zBA
YtBE-IfBCHs
gA-FjMEuMtU
ul1sXpkHyQo
WusGFhu14GM
t3SvcDng4pI
io12Fz61OxI
wKIJY3_KEPo
cLlJjy9Agrk
zIj7EHiqCBg
lSiX-1HWay8
bTopUy8LjAs
sA_phTMbj1Q
roV_DQGI4zg
4-l9NnKkXy0
aXrA05XL-R0
SLDyYPY9DGQ
wdrN3b7R53Y
R-zqUacXl8o
snpl3FEt9Lg
U1zauVMLgnQ
m0EyJz5759Q
_RN2cbnJ6dA
b826avsi0BU
zCmm6rMHL9Y
R-4gU73LGvQ
PGsNQ4NwutU
eA-9vLXDmOo
yOxBqaF1Ipo
QJT9RZqIgL8
bFHCm9c2NbI
YvSBghtF9gE
nZgc0NPYkRo
STSMdHnkdhk
q2cgbWT6YgA
MDNp7G7W4Rc
yb0kMdvwsD0
usspJntDEUo
MYCS-TtBX_o
T6kt-UPWlWo
wer4S19LHl4
QvHSC4znSqs
3usr-OQ59fM
o1PHbyf3h-M
ZyvVO4ABvhI
kHK-1cxUDRo
pjmwb6hnzaE
qu5PGsYdg_E
kL0UYOzU3Hw
jIA6LIyIgnw
iJ73EQdV7EA
qVXkuuDS2g4
qEsjennN518
f7BkyZyK-q8
uEiip6NiKIs
OeqJtLCDuKg
dqg5n23y64w
yFe8UiBAKXo
ru7lAfz3cKk
hYGOXMgZJkU
A8rXwcLOaO0
nvsXkyF9_Ko
iwHQHiRB1WA
bFwqDFcH7eY
r6HRyoJqyHM
oiGKWoJi5qM
PiphHBnuJlw
ndgkgq7fZ40
0hSgEonuekA
e75K2jvdykk
Rj1uoWJxsQ8
dmw_hWIEqMs
QhimAAIrnK0
md5L2V-6V_8
cYizxaT-o9A
w2ZaP1JhLh4
D2_yGA4fXT4
Xmv-B3VGO3k
hoX3Ujvdjk4
OF0GqBX2Pmo
Yn1C6eq9U2k
mrAOc6Xd6J4
iy61jopED9Y
0gsxOTGUWuA
Gj9a1DUwwr0
OKv9KftZ-e0
fdmzDARpAng
jkhRp7KLsDw
kw78EYxs30c
jBNhSZiG83s
nMVRWCVUDWo
ymy4vyRNxEg
j7poOvaqUP8
t_sYuCLjxQc
m1AuVnXBa_s
nzs8PwQtbwM
W9yCSUWwfXc
QuqboQCSayY
SZtpUsKfhGk
zAIT39l0eac
wY_9mUu5R7c
01ea5aC-vYA
ZjEW_XKBOZI
PJc9TyVMZrM
X5JTdQzlRUs
Z4lyUI3CeLE
xUPLnjnnTtE
MlBFKNt_OW0
VZsssJ7FvUA
zl9v6WUtn6g
QMOhNx-fDYE
s8gxtJ6SAhU
yB05AAgMt8A
PA5qGtZuiqs
bL3BEOY5J9A
f96pvJ4BDTk
dA3fEhU8G88
gWtfQki_IXQ
mg8EJG0T6P8
0YZ_TZ6Usio
aliwGKf0H5A
sy6LR9_SZRQ
wTbqPqeEKqU
he2GxGorysw
PJqIBpDVO1s
E22GS5tQ0Js
AdLIrsJSHXs
gsAan5dweXY
zjGtabQy6q8
RF_vqX3tsgs
VCmOJo6EMpA
jxmR7CSxa9U
p0PX31PMyMk
YjSnYN25Ztc
vS0rBVcPHH4
d6plXgfV3a0
Vq60m8GX0_w
mhQbn-ofjK0
DBQt_czDmGo
zHtV9NnTTaY
pbf2NdMglhs
nevXt68mFlY
ME3QG2i4OE8
8YudM5y5L0c
PUsv9bozPzA
U9djMCO4x_Q
oW_XwTP88vQ
nPlVDQ6UfVk
wS2x15MamSk
rGuwkxTF4Ys
UejJPvyq5Xc
WQarYzGgUOw
nSm-jQBUSKQ
BeEp3kA-xW0
eJ9Xy_4s7Uc
Yp86jbuVMDg
FRzmC7QOWmg
hEcY5wTU1MY
xwU2KAQutQA
tPLISVfxFyY
O4C7gHau0ls
aTUV-lSewT0
sczCPH6JiHw
pskAhQcHC40
mE_9_-7JCjo
iGOSVy6KJFo
559u6rLlq0Y
P9KerU4gLrs
S209M6uScnE
-tPOLadK1As
tqG-4yxLXfo
pj2N0JgZ2NI
VcbEuQFdUwU
ibAvq6-QmFk
v8MPygHLjl4
dT-N8TuIsIU
PS5AEGO34AE
xJZpenY7oEU
SM827tkRLns
AHw2kmKlmaI
N5b06V3nfJI
UcVpZuTfU-Q
vAtPGAc7tF8
k4qsmWSwVnE
b7ns9OWwU50
szi9xgm9bTU
aJQQROa5wxQ
TZtw4wVuxXw
Ia5_Qg-zNKU
ynB8jDKTCJU
segvnJje4Po
pTqi0m4xSUw
h70V252uCpo
oyu9Gp3spbs
Namt22ZtDuc
Y7Hth2wSLFU
qQjA8mAhC00
sJnJ4fAWurM
yQCc5B880JQ
jNzYWP-ETlg
Xpw4WF1DcSk
xaHSESirADc
wrBisWkkhwI
Nwl5k-RhU7Q
qjHoblAet90
gQByEHg9cDs
dpZPiDgu7bY
NqSoUDcKuLc
TK82poN5GxQ
d_CKbQUDYqU
S0cVs5grTCI
o0mJ6oUZQHg
O7DUqCWPJvc
z4Si8bYBdJU
RvDoUFT5PIU
Xokz53ISohQ
gWCg7sj0OTg
P9C04mx2klo
aZ_xYnFac3s
_8pN80rZCWY
vicTjQi6q40
raibAchTsG4
TwRHFArlxcs
PBKhwdmIo8c
k-q6EQec_ZU
vVXrJwr-APU
xR8O2OdX_DA
v27PUixGgFM
ucF6UlV0z0o
t7Ei_pLCrKs
Y_9M8AZ0mow
R-yU2XY0OuI
UfmEWZydgmI
Y8ysPpE6fbM
NPjy5kjBaP4
l07b1an6iOw
fIO92xlfoUs
gVNl6upHVjE
_Ozf0Goc4Eo
pEJRYt9RXbc
s1OB4zpMlXM
eOGjgcpokCg
VeIYjFMVyVA
e49-OZbIH5I
nn2dhPsuLME
ZlQf9aR80f8
Z7PBCQG9GfU
nQaqdWE7nSY
Nf9V6MC2svU
c9dZeGZcCVE
Pl9C9nkt5UM
xzOFPtvuy2k
WCizyxpWuVQ
MarmwFeVpEk
RgvKVAbyu9A
rsGjARWJIrI
VaKlAXlcQUM
kKJ_g7B-Z_k
mjNdda1aNQ4
XB-9nRqWlH8
nd_t8mmw1UY
iIYLCydMhU4
kiUrvlJRuTU
c-oYYIeOHvo
Tzy9S_u9VkY
VB3Tzpa7qBc
hR9k4dIQRbo
Sc7-ngIHRAg
s4Jefo9S8EA
Po5gGid23HU
NbjznPX2At4
bFYtlFJdkeM
lW9CCg9Jugk
sOkZ_6Y4qFA
ibjU4OZ-iao
kFI3DqHecpw
wqrMgWi5T28
c68lA7c881o
Qct2j0vfc3g
v7kj7SrPg8s
YUKbJfdTkwY
xaHpWk0bGtc
d3SgDQvw0kA
qOXWG4Zq5uo
XQUJtBu-9cg
k64BSELELYM
D6c338PSTsg
_Vf9Aa1W0dA
z3JYb1dm1FI
iXoRGlqW_DM
xonGaC2S7J0
j94w0bVbHi4
u9vLZUeC8vs
_G8IHopa5W4
i7OD0uc6TfQ
YIR-EMOrQ3A
z0ENCk_JhAE
NIiwxSg9eAA
xOI9XgzXff4
dwjCtVIbn3U
QEznAcWZamA
QWAzvkJaZpQ
Z0d69NrIbHY
Z_66GIWJjCE
g0PM_DkBZ-4
VfuIHqzMPN8
xka3Op7-wno
Tc03JyYwZSc
fJY-X9kLYks
ajEAxtG9rjY
rzJAwT7DtUU
LrTnPMdtA1o
hXImBJEvqgY
sa4bd-Dc19Y
TYZcUfW-VPo
kVXG7EY0JeY
PpuktCA368s
uMk6mHdIyRY
PneNOF6pgUw
gSI6xyOYFUk
rjQzbrNNcvY
uRMmqUN2hQM
iLfGuGGkGdw
wM3lswCyv80
Nl-7R0qERo0
uobiz9OubmU
Qpeckr2l7Ws
uRSYreiMJr8
aDq1rXWTGj8
zfeLD9P4-q0
xOd_PpwKm-4
pDSHWcmZ-OY
jR8g2dVNiw4
xnApM3GBqSo
VGQY1Xc0OX4
wneiZWyJG4s
RupCfPaxGqI
m-DUcHR-ras
mSQaM5JnsZ8
pOxwtZA5BHY
qx0jZ6rDmn8
uFEQFdIPNVc
fcGI12J0hWQ
d6T4j13FKUw
akpzbenUPM4
uSAeimBG59Y
cedF1vygtiE
meoUlChYcPg
ZxUG119fjVU
vcWrXEk9Evs
rBeMN5BKHOE
VnokUOQT6po
wwZ50ufItt0
aR_ApBVHKcE
PhmYzMwDTkA
hYaMpziq6dQ
y5ixvmQiz_k
NdU10twqRC8
nEU0jZHqacQ
MsR3j-oFDxg
rp1GdAKcL-Y
PugX2fGTFIA
sllSa-1_eDg
jsACDL6g9ek
b7HNKe077XI
tBSFa1IaAUM
uSXwhKz1f5M
hokeCOf09NA
S48XHn6Gkeg
b8jo2-ao04o
v11Cgvnrh7g
ga9-hShtrUc
ow3Z9d6V0xU
_UcMY5Lnvh4
fF9xqNkRzDQ
xPXwkWVEIIw
NtGxDokl4xQ
pBsS-JxZ2zE
pR0uR3Zi_lk
dIgIUPLLMsg
k8uE9lRzKmg
ZjVshEHeBsg
mSiJ80QnPwc
ct02qdSWieU
p461rKp-OZ8
x6RN9CpwciY
VOWgOE4L8gA
ktnR0lVpJmw
cIoy-asuous
sWY0bJxf42s
bZXpbzoifDY
XlrsGmR-KoY
ND-5jaduGFg
Rvhuo8akm_I
tPsJOuvFKiU
Ztbe3OuqePQ
WHoxzpwvcfo
ZXF75TzzMdQ
mNNXzhhFt_k
Tpn9XoaVsMA
qjMCdSUAmEs
dodVFtNPNFg
h71IF3HIL_A
xMzFy0rYHo4
ZjNYVxaMapM
nv0RQMZ13aA
Smf4Oahnpz0
xE9RfwrgJNA
ea2t5BgxGBg
N8JCZfxl6Gg
qnPN0rhbv-s
o_gPfREmjGg
llWHXR-vA6U
qKj9A99IDqE
oDC7B404FMg
rVg4gbCMfyA
TIp0k_j1agw
NGUbOre-nsU
PwNs7E4_uN0
_VkTRgcnyqs
mg_io2R28Hc
qL2vMpkIrO0
MURUC45iN-g
lXJbS2emwXs
NC5e8i0J_8M
SrhQP2Xnnzw
yiQD2BTanaA
aboFT-2GcIM
XlBsfeCEHGU
jvgSUx-5lCM
m7R5lALukBg
uRbYQNxcl3w
XEdEgpjhLGs
pV4g58BvOmY
ggXXZBstBrc
ghk3Ae8E7Og
uwIDbX2QZrM
bCL9lvP_6U4
T93pHt5k8Hk
XHx1HJAOhY4
PowYyoyN0PA
o6zHzw6H7oQ
bitLbpi9Na4
51Z8sJB4f3Y
bSLFlKk1nBk
_DWS_7iL1i8
P_E1bFLhLmc
gIKZWYtE6QE
bhUQs_9Es_k
PXJzdn7rZps
iajmbsJfVsw
z3bHpbNqXVM
RMvDO4mCxfY
xHa4H-Sm57w
w6B5RkHmIvw
nRD-rf433-E
N9jYJ25Zap0
d1zG1hSufiU
i_EHuIbpUD4
mC3p229zlDo
qBqOIjAmiZY
na2LfMlw6iM
gZCmATowWdw
Umih0cc80z4
tIcgB23gLdE
fpv-Lqfb7qw
kpELR6lOvbI
modv3HPNxso
e_I72QFxxSM
uI6LmGkuyKY
jpGLmdYEZLI
gdmKYa-TOpY
ROF9nZZjtck
znPIDwFNauc
hBH4YyT7CNE
vU6Wy0Lbp10
e4cOV9czd7o
irPMX4Ri-cQ
l-1plZ5nDwQ
X5RRghZv0Po
l6YZoSSENNo
ZsjubpwA8i8
wuKof5BJfi8
qQcIwzjPCV4
Vt44Dtj-rAE
iczK_SbAD0I
hq76UAWIVZ8
Z_FRjkfv1UY
vsXmBQOXB4Y
XIILeA5BMMI
s1uKloDzJEM
Nx6Qd_p_YL4
cMUZeWPfgOk
ryx8HiWa2a0
ddU0TtyDXpY
goK1Ct-HEPU
kF74O0OkZuk
PFszdZD7ODY
x9TQfYS32b8
oG-lv1npw3k
l2__XcNS71U
rYbA7X2PO1g
QhpqfBfzc10
v9FZnwnORWs
N7pFv47AMb0
jS91BY_nXT0
aauJ21gvBRM
YZVLHwgtyXU
eDtzJSQpbbE
lrNYq9DWZBc
lT5YtKQ-7bE
YKuNYq0JVu0
tqw9O03ZpaA
Nt51lIyeXjQ
MgqzMjjlyf8
nepHh5NrtFg
q5AHq6LY2_0
OOHxZTPGauQ
Yc_Dp0WoXsw
MX6ThEyQD4s
X_fDnZOdISE
W_dPEcKt8po
rCfoWfmHd_k
n5Sd3v_jOSo
OOs57oEWiPs
nYXdyfiV86c
xpWTVSCs_yQ
SxwDLjV6HXg
ZOHpiJQo1O4
qA3lbvtHkPE
rXRQJXIvoEs
ydt82qBjPoU
_oK3i9g-8dI
pIStRNeKq6E
RKrvKqxsGs4
_E6n0tM3fFE
q7XueneEMZY
r4cWELxDjfs
ZHsL7EDuw_4
aEEGKHAnJ18
UsKkosq22ok
pn84lU5met0
iNM6LAeh08k
YMx3aMIPBQI
liBLbMG4VSw
T46_ndLYFe4
6qXG0-G16Ww
_HpkyBVCYdo
j_NZehAr3Js
YLWtilVsugQ
lIzZ4QXpuHI
S6MlxS0bKHw
p9_PzevIP8A
GzvlSO_lvgo
NOSjwC9jHYA
_a2_jbP-_Do
vlWmkYNUsuw
wKFOSEbFi2o
tf9MrxN93Aw
VcpdlXu3IpE
sLRwkFteDcw
UvUJiH5K50s
yLB0Mu3cnWg
pRvgmljqh9g
od0J53T9Lag
av_-0kXOorE
OK30fzbuq8M
xXxkBu8Ry1k
wvYQ8K-nxwQ
TdL_llKyyp0
v9jMSAAjK_w
OwiREYI9aoU
YZ9cgud5MEk
WjaF_mxgxIE
i1AjI2ueGMI
nD8CEIlMb0M
wv8nzooQryc
qGgtVIy1_2k
e8LgX9S3OsI
lThRULU6s_g
XeblUq33xs8
Z19zFlPah-o
yw1tQwL0FO4
On0MC38M-bU
PG8j1SLoaLs
Zkev9ai3Z8w
HpD6ej16phc
ffijsv6dWI4
XqqQyu3u9jo
VM94Wc-p1Gs
d-fjzrvlMUY
tIstKSV3FRI
OzE8mbYt4wM
i0XmvzKjEKs
rt2im8Js4bQ
QV2gASbr2Jc
fPYAeKVP0-4
XM2bshMszKg
WgVPixbO5As
T8DLQ1G0Rvw
WquTxCucrOo
pSPD9sMpmEM
Qf74x6UvSFw
r9THfzb4n3E
qiY0k2Uy1n4
XnTVB4uiFQ8
pt7PYLGiZ0g
ViOe7R1vS4E
f1TNyrK5Nwg
r3tb4oJiy2M
ZDh8Mkk-vKo
_l0srzk5HPA
tMWkbvKhq_s
YVBq8eutl0c
eEQ-rHv4xYM
t3Zinr2svUc
cNe1Ll3XfQM
kDGUbZVGfRo
UywbGM5Vj5c
pzlkC97AvEg
h9MkpYnlmXI
uteW3NeR1bs
TGD8mk8HNzc
TaWiU8cy0FY
rDGxubUaFWk
nZq_iAooCJM
NZWWmP7zGV8
UsWBX2xnAoI
hyqYkDw0lsA
zp7rgd5dmKM
YKrma_cdmeY
ofkgJB9USPM
yfZ7uCJGtTY
k71Ld7YJEhA
XNNlDQbV14Q
G2ORlNx0ZtM
Ye-q5uNtNCc
Sq-bCaES3MM
bbG5jGtCoFA
YuMxrf-POpU
zRf7yRwMmpA
ZkMXdULf3oo
ankuIdTUVJ0
c3oCXyxlfeA
XeC8UliLf3I
Ve3J3_dTmEQ
OhEqcdGBLtc
tzOwYXtjoI8
yw1K7Z3cz10
mT2NYpn16qI
ymf0-PcpshQ
W-XCx898awc
_nuF-3JaFDc
sVMbeHzN9VQ
fpULjgWzA5Q
WDpQrwmRPZM
oO4IZaujgrM
SCL8i9KS3gI
kbXP2cAhoPY
rQJrXG2tg8s
tP2sM-4kpRw
YLHnWcjLEks
YadcDM2fQsk
hSiTM41b41g
lV_EiXJDTcU
qEJyX5aH7PI
rf7TDUNmO9U
pENpKe-lv6k
YhrFKKe2noY
igjZnc2ZXO4
zoMSKOhpW2o
vADYHFa8I3Q
zyOgb4XlVys
d5-eY6Go64k
xTOWXhWIrC8
yQLD0QD05SU
U9Yz8CbaZi4
dfnHtBI2dxI
ezUx3GM_f34
lsPkCXGk7Lk
mFItStvvnp8
NFYakhpM7zM
sB9j8pX4zEU
h6PPplaw8_o
_5iqTXFzR50
esib8z4yniU
hBJHUYK4_vc
kn51TYQdtSw
Vb4iqAl0mp8
kJ017951PI4
aftdMvt1TVc
qM4AfC1GpFk
ZMq90juJtpo
tE8lwI-ixXQ
VDszIbC3FKU
jFGdHgnHZ7k
sn9jb72wguY
IbSVxhZDZfE
sB-Ih1HiLe4
zcwYf90P2dk
dGccsBj7Nvc
vHW6bpwaixQ
UuLWJpqt30c
Yq-vQCdxqbA
zrpkjYOcACs
U2RLu8eyYfI
OiccIK6KCdY
sdMlLO7OcjQ
a3zP1c854HU
RoWEF0yHhQg
dT3fguyPCyg
VBDGilqcwAU
s4aP1JYJFoM
ieGiApVNBhI
j9cU-n6BBAI
kGUk9RqHnAw
RdUQ0Ula4tU
MlFNdEVUy5o
T400pBWpmig
bOUgrKEWSuw
eHeig3rk_ao
kxBtN10_bHI
uIBDCrnqic8
O7LVKPmz7Fw
t5gS6Mz_jAo
qTsrkPL0R0A
SaEc8p-mbAc
rY61bHIdoe0
erP6JM3usZw
vENt_YAk0IY
WOBfAi_49jc
nQpsZ4KmkJM
uEQI_po80TI
YPmgcxjzDNg
bz0b06ZW3IY
oca9vB-ywuo
cqvf--EaUO8
sMJaU5EH_qM
QczxkbocqUY
x8a2YQsD-5I
ptq6dxSjxOM
b-pDfuw_BfQ
QYNVeYcE_6c
hKzGyWLFPX8
Xjg_Yasfx0Y
ZAi8fcq2ypE
ZGOQ_npS4pI
k8XTO8Ko4rA
OlVTKNZD4iM
zODc02OoP8E
iDQwhbFnOaA
wUOCgkmOecU
q4mb2l-4VsQ
d5WR-Ser3As
Q9X5mdtGy6w
uHHih2sIuLE
Q57UsIi3L4Q
NoDxxdZ8W2Q
nG1b1Xqomhc
iX9m0UZS36E
vUCssGlk9CA
eO2iq5U2Tbw
u_2kkNK7GhE
zDKjCzUaffs
zuRv8mBns2c
oYr5BPC-UDM
_Ci7AvhVR10
sh-sGCMu8yI
uxSuGsG5oyY
nG6o-9sH1Fg
aTBiyfnbbH0
vnzw8_WXObk
z92mBSnr-9U
_4dP2RGD4e0
OBoL5zGT14Q
vEJy-xtHfHY
uBhp82KUzVE
ljgYpbCsH4w
SkCPDOAsIXU
u1HJFwCBYP8
qHWOqO0-QFk
opTe_l56Los
_o99eVWxihA
_wZpeM0cXUM
gCaNKefpGAc
hMsMOinWz4Y
gds5mBpxmNM
i0DT6jeHDEc
qygD_MBBIZc
3mdHoMnIN64
UYgghM9FzgI
hBgxILtRUIc
SilHkxB0MIA
eWZsr9Mbjkc
gLAxSpdwH_c
Z_CIU1pmw3I
UmXexPXDJBM
_mXG-9HirBg
oi7MCm9trzw
PBcDmCUtAW8
gNyFBcAChp4
OD3-yffyKLQ
jgqtWGKvfrg
Y7p0h9XUK9I
VU3YhRFPHFE
Rbqja6HOAdQ
NS719VZ0MXM
UUr3UcKV4ss
xH6VMlYanm8
Zjd7Afqjgvg
haFCEueu27U
o0wEC9tzzyM
shYXMpruANE
XhorrIWW68o
ozwMPuWXxi8
UNx-FJSfu4Q
dQt_Pq1HpXs
RiPXd9N18Bg
PvMVYhVgRVw
TQ3-GpRTS1M
SI1vZrfOeFU
tEuhT2L7e80
YsnPRS_ajP8
hbjhIPpyN4U
hrmYMVlqfuc
icg4x_PD7XE
w2tTWFg9DR4
y4hN1gbOfv0
jQkF9slxgp8
XqDSP8J5WxM
QmM_ZPIU8h0
UPkC6mJjZdg
T5rnTnYRBCk
XIZcPGBvu9w
MYq4ptczIWQ
xx_OGzsBvgc
SVSjNao4ZFQ
evQmmorlSwc
d6M3SRFomKY
gPqdDk63tE8
pzgF2tzA7Sg
QtLMxZhx4QE
PRGTXQxz4lg
frs-mG0elHE
QvmCOjn80Mw
j6jn7UAqWDg
O6PZWNPNqVQ
pEO2DLs9w-8
t2i_I2BC7oA
jfz8YyHb1x4
aKLf7emFyPc
kLT4beDstF4
x_tG8z0HsTU
S3_cHlglAZw
NDOKw0KlIcI
czPh5ILpUuI
Tu2ZBS4blng
qdaAuUnpSJk
RQeZ0V3kT9I
Ti01orEklrE
V35PjtlYPNk
w9M9eAkEeao
q1U8nZpTZDE
TxVdRlV6WWU
qnLtso3yeTY
i4SEaR3BzEE
xTJq6SmSDZc
4p3I9Apg4YE
XZLRn8klc5U
hrXZGqhGsyc
Rxyrm5q4CMs
lPNVz-ASUmw
ty_PMR-8g1Y
VVYG0XKA0YA
tRi5sF92VRI
Oxr3nF7weFs
iSqB2tF6tSM
j3gZiSOc_pw
w90PeblCpUs
XYFjPRt2-i0
huj771gDJ4g
dAG5YyUjswY
xXsBh9XLxIA
Y00UJjvu5w0
rn7FfE0xuCE
SzUhq-CaCxA
W0mB4tPrCos
lPY4x05QObc
xWn0n1rguqg
WWqEsY_o_iE
tinGEZxtJOw
rmtydwC49_k
zYaxDheFO3k
eKFtiUZDWmw
b-vec8_6IfU
Ty98m3X-eqA
RiuVNI88qnM
MlsdeDHWHaQ
RPmCq1glRT0
MyXyvNPOMjs
mwH2HG3Ze7M
ndO33RP8YCw
ap6ZRqncjwI
tuunnyKb_7I
hifhhgwSpWU
dGIeVxryaWA
ZlzAE-trpSc
b1O8OIpqD_c
vN7xnMgauNc
wyIXwBE3CyM
cs3sWlFi8eY
OjqJwGAbGNM
4cjPOFSvC4Q
PCmTT5lJM7A
ZHg6j9ynLkQ
tc84BHvbaIU
Reb6ldhc8nU
nFBtafRWENw
cQNA8lOryFc
fqiAtMjmc2s
dQdrwdj0TeM
_3k-8yhEpmw
YtbFJaySaiU
SMqM2Ru3eeA
Td7Jmwtaxzo
idV9YkFiy5Y
a8yXPkIrmUA
tWMv_qYi7tc
xXpFATH3wCg
shuLqr3DrqE
ldJDVkSj3kk
WPjCctDZPUY
eM12Td61G-g
j7DHjLeJcEg
TnMw6dAGNaQ
glBDvy_wCOs
lZZnrDlZVn8
xYBR-Hwh12w
nZaOWJKnO8Q
vCGxlqCGEAU
aL2eSUyr8B8
kEMGEmfXp3A
gLFzZ882UC4
dfuhc510GA8
jDTpY5I854g
dqnKnN9-bKw
bvzQeEV6kwQ
ywLm7JIrPyM
zdrCbbbCMQQ
o9wxgWFgn_U
aLu9NifA9Hs
NMMPAyNXBcE
yW0-1NyZRhQ
ar2_Y04cFmc
i4aGRRRJBE8
zqLdrRM0MqI
l0KBfr2EQnA
PWTglgc8TU0
ho_OtPhjIp4
hgTxAaqDV8g
sYFh3ItrnWk
yeHrUc4lIQM
V2h4aBsOzJc
QJXCZc07sbY
dw9FUWmJJk8
afbYutBsSxw
stQ7dqPT1gc
q_wsMXo2XUc
fgAMXiPGdyk
s-VEB_gOzKA
j6vCXXaD4HA
vWJUXFBG5dI
aGZQqAgqQps
Mw-Gp0BW3wQ
ep4OJADUfWY
vxDUrbrPX9c
ghB0mZ8g0Z4
UATxI8plcuo
x9yKxisLHSI
t3URGeNaXno
VOYZrj0zro8
TA6uqhTudCI
k3OPDEzE49w
Xn6w9HKgF-0
wZ4d4ZVM1iM
WQF1rfO8xiQ
bTjJN79CBl0
lnEy6M7Igqs
Gi10IWdkcZ8
mS7osumwKeE
PE0lPMzQquw
iqHDOme2opA
hPe2S5v73Zg
WeoEm13azzI
ZoWy7w_fAI4
xXlnoOjxgL4
urkY5Std6Ko
pVyu6VWTfoU
wpDVGZKH-5U
SD1Ov0juqbw
TsE5QHbsTL4
tsqU_YZ6qUM
l01VJISElXA
OAYCOUpWjiA
PvPDEC15Puo
MvsLQbEt-d0
NtTDkpvizKE
eWg9yOkgBbk
SaQea7i2VoU
c6rdxQODe2o
z1DiK7cPJAg
WRjodtJC3ko
xVEG25vOONs
cx-_XvJLces
yX5iN6lngT0
TdrVroHFu34
lzo1Sv-o-SI
kDTtj_Jv1C8
gG-WZ4yV5Fk
_aVtekYW7vQ
JWGis2UXCcA
MpurI_rcrHE
ubtvHtdCWJA
xXnc6h0e6RA
lrUItPEz0C8
qSS2SVgfUIw
iLOOdW3SS7Q
xX6ni655oAM
pV9NaamP4ik
o_qm-QlcjQw
gB2JpUu_2xo
Y--hFIUY1cI
fwLcUfUAHHc
zN1izwT7xVQ
nTRj5aClssI
NGyVxxjHmjU
aasrogklSYM
fJDNmdNGZEs
RLQZvy60xBg
RKGtsOyguRw
qofNsarrcdg
RCU6_OUT3Kk
enlpNa2TfsU
wG-XddL54Dc
u25Ma3aqZWE
UiTC2rYXVsU
z1g3CiBSCCo
lY_Ui598fv4
TjfWsE4dSwE
h6h43TUUxaY
FHOjWagWqrY
X2QDmviGylE
wgT4QsdpFBI
ag_80qllNRU
o7HhQr6KvKs
u_yIIEqBmc4
UpOoqhD7K7w
ni3At2ZwDXE
qNSAraGqDVM
ux6q2h1woEQ
3yV6x5pLr0c
hvrC0NxSsRg
RxxDZQrQdnk
QypFR2-jNLE
cfd10vbjz6s
N-vcLrIxzJ0
aXtbVY0tKUA
qiXRM_sgl7I
oWD8PglaeD8
W8_GPeeN7jg
hu7bTdEBkwM
NbBeGPGS5UU
Sa0OXAxjr3Q
RdFFoaKThKE
XoKOuI3z_Oo
WUA2kqUxKQE
kGGYNtwlGc0
WjtDlKGTy34
sKlz8SlP9o0
r9KbiaswYS4
6yNlWxwpfjs
q36UhwYYZPk
eFjVBHzo9sk
zip2vuCETJ0
juVsGPlfxBY
lrrkA1ASuxA
srSJAem6YYo
qLiN-JAp0mA
ixylx5vf7mo
MHpWxX4eh6g
ZaEmdSmiZGA
U6q_Su48ODI
QvU0N_N1zkg
nb5sF7HP-7I
QnbTKyasuJc
yH6Pp10GhHE
zjFkSTp3tWI
geGV44yVe9Y
es0b0k0V5g0
qoIgcKlBUDw
Z3Vi_G2ro2U
n_U_0-3ARGY
Xdx0mrErwfM
T-9UL1txZyE
d1q14po1WRM
f28mW7k0vJQ
7DQZ-ZNcibI
gvHZlJ_fnWM
jzP0cfde2xQ
uU-Bb4QTN9w
W_Ls-9VGCr4
NlBgPuxvo9I
S1WZ9TYU7_0
RNgY1bB3jfs
VtV_3pNbGHc
eOR8-IJ4jIg
ZfD-DybXeYc
Pkpy1T9VgKU
wY_9mUu5R7c
oyL0gZ0EhSE
mvFc3Hg3cxk
i1AjI2ueGMI
xXxkBu8Ry1k
U7b4jSjtdFQ
WWCeiFsPpas
rgToeusUkqU
PlKtaDVlgS0
YH21IdxrHOE
ccROgyJAOFg
xX6ni655oAM
YjSnYN25Ztc
vvlYMRKFA-s
fcD17GSzCI8
a3zP1c854HU
LSFzzhl1tWw
l3veG_zhFqU
nTP3m2oqLag
w-4YadCz-fs
ZgVljNvNwk4
vqoYCGaYeEM
UT6evCs5Dyk
eZ9Seoz47DA
9nklQZF5hkg
mmiK7CkRvL4
drWaS8oXulI
VGtA2JCaiCE
Sdy4OO2WrLM
dQPWMadxAFE
GLyahoEJjxQ
MSFe7so3GxQ
cT6HfwRT8PQ
tx_epLhIcTs
4Fq5o1ZNd8o
bHNXPTlbBtU
YdK8RvEUaWk
PN7zqYZNAuU
TuMsrgJMn90
sZ58_3MUAGI
0aORosqpsaU
vBwp3ASDBfc
FeaAE3s4xq0
g7ewAEbwXvQ
H24RVeIm0RI
j3YaIyNcjqw
2aOTahZ24F8
nUH8tWBMXhI
PdK5N9mbPRY
4RedP54nWxI
9YVfPjjgn20
XcJk0yuFALQ
hyKUI17IePY
Z2IC5LhPbNE
7YuWErPlV9Y
CvQtUQEQoTQ
BKhmS1ccqsY
cMeRiF9WlyY
teTd4E0cjVo
veZVjWCkQtc
bshN-z6KkYE
ThvITFH2d5M
H1gHowtxKc8
noqifI1uLAg
RzPmX71jK6c
lVVy35lUrQk
qShtCFFdq7A
CiY8l72GUCY
m5VFhthYgJo
fCaDvhdNxH0
UT4uItH9H7s
3oImlx7LWK4
-FNb6NA1Gwc
ZQ_76xNcTEE
jofn4mlDv-E
I4uv8t7irf0
vnKDn7l6qRs
KeoQrpj7EXM
vArOXs0NavQ
TPIhB8IUlsI
i6BPv6z084g
y4pxhZkt328
uiwMOJvtsog
EDKRMYqiXX0
mXWVdiig9xY
B3Nfnr5YV98
vzmsgcOHu1c
qADxWWlvLLc
ydUxjRasJlQ
ZV154ovecgU
BQvuAjGDgEA
HKKZXkXd0dY
NNX7H2nXmVo
cLUFzu2dBuM
m3aXS2aqXjo
yfJdUwnJvWI
HNh2flnXUdI
Ppn1BN8AOU4
3lZYTOuz-jc
rnzmopXCnHw
lIzmVqdLvCk
RfkYlka_jRQ
NuUpZQVgMOA
a25uYkOjqTU
nr6osZLZGWI
MtMM8_UCpbY
gl0D4K5kWOM
UIV9uolyP3I
Nm46_FZeJ9g
EpVRnoa4BEA
PGdJGgsGnSY
1x3q02UFZsY
PGANQ3dAtpc
p8zMQD9Qpnw
rF-fiSJXu9E
xvElKuQpOvs
WgggJx9mRxI
aBV4OAy9LEc
ALYO-F70Xto
VNUMPBb6BF4
W2kE5GSknQ4
ppASzqiNEGs
X5ygt0qCUbI
ZyVik-K1IyY
hYG9PLziPJs
UtyRldcsANI
wTWQFZWmF8I
TIKBaa5QpZw
vCLhJ3XFXeg
PZZIl_A-1T4
wES1k7KYlGs
gvHwYIhjJUc
